This file contains any messages produced by compilers while
running configure, to aid debugging if configure makes a mistake.

It was created by configure, which was
generated by GNU Autoconf 2.59.  Invocation command line was

  $ ./configure 

## --------- ##
## Platform. ##
## --------- ##

hostname = benjamintrapani-To-be-filled-by-O-E-M
uname -m = x86_64
uname -r = 3.13.0-46-generic
uname -s = Linux
uname -v = #77-Ubuntu SMP Mon Mar 2 18:23:39 UTC 2015

/usr/bin/uname -p = unknown
/bin/uname -X     = unknown

/bin/arch              = unknown
/usr/bin/arch -k       = unknown
/usr/convex/getsysinfo = unknown
hostinfo               = unknown
/bin/machine           = unknown
/usr/bin/oslevel       = unknown
/bin/universe          = unknown

PATH: /usr/local/sbin
PATH: /usr/local/bin
PATH: /usr/sbin
PATH: /usr/bin
PATH: /sbin
PATH: /bin
PATH: /usr/games
PATH: /usr/local/games
PATH: /usr/lib/jvm/java-8-oracle/bin
PATH: /usr/lib/jvm/java-8-oracle/db/bin
PATH: /usr/lib/jvm/java-8-oracle/jre/bin


## ----------- ##
## Core tests. ##
## ----------- ##

configure:1374: checking for a BSD-compatible install
configure:1429: result: /usr/bin/install -c
configure:1440: checking whether build environment is sane
configure:1483: result: yes
configure:1498: checking whether make sets $(MAKE)
configure:1518: result: yes
configure:1550: checking for working aclocal
configure:1561: result: missing
configure:1565: checking for working autoconf
configure:1576: result: missing
configure:1580: checking for working automake
configure:1591: result: missing
configure:1595: checking for working autoheader
configure:1606: result: missing
configure:1610: checking for working makeinfo
configure:1621: result: missing
configure:1636: checking build system type
configure:1654: result: x86_64-unknown-linux-gnu
configure:1662: checking host system type
configure:1676: result: x86_64-unknown-linux-gnu
configure:1701: checking for wininet-config
configure:1728: result: no
configure:1736: You don't appear to have Wininet installed (no working wininet-config in your command search path), so we will not build the Wininet client XML transport
configure:1746: checking whether to build Wininet client XML transport module
configure:1748: result: no
configure:1764: checking for curl-config
configure:1791: result: no
configure:1799: You don't appear to have Curl installed (no working curl-config in your command search path), so we will not build the Curl client XML transport
configure:1809: checking whether to build Curl client XML transport module
configure:1811: result: no
configure:1827: checking for libwww-config
configure:1854: result: no
configure:1862: You don't appear to have Libwww installed (no working libwww-config in your command search path), so we will not build the Libwww client XML transport
configure:1872: checking whether to build Libwww client XML transport module
configure:1874: result: no
configure:1880: We are not building any client XML transport, therefore we will not build the client library at all.
configure:1913: checking whether to build Abyss server module
configure:1922: result: yes
configure:1949: checking whether to build CGI server module
configure:1958: result: yes
configure:1963: checking whether to build C++ wrappers and tools
configure:1972: result: yes
configure:2051: checking for gcc
configure:2067: found /usr/bin/gcc
configure:2077: result: gcc
configure:2321: checking for C compiler version
configure:2324: gcc --version </dev/null >&5
gcc (Ubuntu 4.9.2-0ubuntu1~14.04) 4.9.2
Copyright (C) 2014 Free Software Foundation, Inc.
This is free software; see the source for copying conditions.  There is NO
warranty; not even for MERCHANTABILITY or FITNESS FOR A PARTICULAR PURPOSE.

configure:2327: $? = 0
configure:2329: gcc -v </dev/null >&5
Using built-in specs.
COLLECT_GCC=gcc
COLLECT_LTO_WRAPPER=/usr/lib/gcc/x86_64-linux-gnu/4.9/lto-wrapper
Target: x86_64-linux-gnu
Configured with: ../src/configure -v --with-pkgversion='Ubuntu 4.9.2-0ubuntu1~14.04' --with-bugurl=file:///usr/share/doc/gcc-4.9/README.Bugs --enable-languages=c,c++,java,go,d,fortran,objc,obj-c++ --prefix=/usr --program-suffix=-4.9 --enable-shared --enable-linker-build-id --libexecdir=/usr/lib --without-included-gettext --enable-threads=posix --with-gxx-include-dir=/usr/include/c++/4.9 --libdir=/usr/lib --enable-nls --with-sysroot=/ --enable-clocale=gnu --enable-libstdcxx-debug --enable-libstdcxx-time=yes --enable-gnu-unique-object --disable-vtable-verify --enable-plugin --with-system-zlib --disable-browser-plugin --enable-java-awt=gtk --enable-gtk-cairo --with-java-home=/usr/lib/jvm/java-1.5.0-gcj-4.9-amd64/jre --enable-java-home --with-jvm-root-dir=/usr/lib/jvm/java-1.5.0-gcj-4.9-amd64 --with-jvm-jar-dir=/usr/lib/jvm-exports/java-1.5.0-gcj-4.9-amd64 --with-arch-directory=amd64 --with-ecj-jar=/usr/share/java/eclipse-ecj.jar --enable-objc-gc --enable-multiarch --disable-werror --with-arch-32=i686 --with-abi=m64 --with-multilib-list=m32,m64,mx32 --enable-multilib --with-tune=generic --enable-checking=release --build=x86_64-linux-gnu --host=x86_64-linux-gnu --target=x86_64-linux-gnu
Thread model: posix
gcc version 4.9.2 (Ubuntu 4.9.2-0ubuntu1~14.04) 
configure:2332: $? = 0
configure:2334: gcc -V </dev/null >&5
gcc: error: unrecognized command line option '-V'
gcc: fatal error: no input files
compilation terminated.
configure:2337: $? = 4
configure:2360: checking for C compiler default output file name
configure:2363: gcc    conftest.c  >&5
configure:2366: $? = 0
configure:2412: result: a.out
configure:2417: checking whether the C compiler works
configure:2423: ./a.out
configure:2426: $? = 0
configure:2443: result: yes
configure:2450: checking whether we are cross compiling
configure:2452: result: no
configure:2455: checking for suffix of executables
configure:2457: gcc -o conftest    conftest.c  >&5
configure:2460: $? = 0
configure:2485: result: 
configure:2491: checking for suffix of object files
configure:2512: gcc -c   conftest.c >&5
configure:2515: $? = 0
configure:2537: result: o
configure:2541: checking whether we are using the GNU C compiler
configure:2565: gcc -c   conftest.c >&5
configure:2571: $? = 0
configure:2575: test -z 
			 || test ! -s conftest.err
configure:2578: $? = 0
configure:2581: test -s conftest.o
configure:2584: $? = 0
configure:2597: result: yes
configure:2603: checking whether gcc accepts -g
configure:2624: gcc -c -g  conftest.c >&5
configure:2630: $? = 0
configure:2634: test -z 
			 || test ! -s conftest.err
configure:2637: $? = 0
configure:2640: test -s conftest.o
configure:2643: $? = 0
configure:2654: result: yes
configure:2671: checking for gcc option to accept ANSI C
configure:2741: gcc  -c -g -O2  conftest.c >&5
configure:2747: $? = 0
configure:2751: test -z 
			 || test ! -s conftest.err
configure:2754: $? = 0
configure:2757: test -s conftest.o
configure:2760: $? = 0
configure:2778: result: none needed
configure:2796: gcc -c -g -O2  conftest.c >&5
conftest.c:2:3: error: unknown type name 'choke'
   choke me
   ^
conftest.c:2:3: error: expected '=', ',', ';', 'asm' or '__attribute__' at end of input
configure:2802: $? = 1
configure: failed program was:
| #ifndef __cplusplus
|   choke me
| #endif
configure:2988: checking for g++
configure:3004: found /usr/bin/g++
configure:3014: result: g++
configure:3030: checking for C++ compiler version
configure:3033: g++ --version </dev/null >&5
g++ (Ubuntu 4.9.2-0ubuntu1~14.04) 4.9.2
Copyright (C) 2014 Free Software Foundation, Inc.
This is free software; see the source for copying conditions.  There is NO
warranty; not even for MERCHANTABILITY or FITNESS FOR A PARTICULAR PURPOSE.

configure:3036: $? = 0
configure:3038: g++ -v </dev/null >&5
Using built-in specs.
COLLECT_GCC=g++
COLLECT_LTO_WRAPPER=/usr/lib/gcc/x86_64-linux-gnu/4.9/lto-wrapper
Target: x86_64-linux-gnu
Configured with: ../src/configure -v --with-pkgversion='Ubuntu 4.9.2-0ubuntu1~14.04' --with-bugurl=file:///usr/share/doc/gcc-4.9/README.Bugs --enable-languages=c,c++,java,go,d,fortran,objc,obj-c++ --prefix=/usr --program-suffix=-4.9 --enable-shared --enable-linker-build-id --libexecdir=/usr/lib --without-included-gettext --enable-threads=posix --with-gxx-include-dir=/usr/include/c++/4.9 --libdir=/usr/lib --enable-nls --with-sysroot=/ --enable-clocale=gnu --enable-libstdcxx-debug --enable-libstdcxx-time=yes --enable-gnu-unique-object --disable-vtable-verify --enable-plugin --with-system-zlib --disable-browser-plugin --enable-java-awt=gtk --enable-gtk-cairo --with-java-home=/usr/lib/jvm/java-1.5.0-gcj-4.9-amd64/jre --enable-java-home --with-jvm-root-dir=/usr/lib/jvm/java-1.5.0-gcj-4.9-amd64 --with-jvm-jar-dir=/usr/lib/jvm-exports/java-1.5.0-gcj-4.9-amd64 --with-arch-directory=amd64 --with-ecj-jar=/usr/share/java/eclipse-ecj.jar --enable-objc-gc --enable-multiarch --disable-werror --with-arch-32=i686 --with-abi=m64 --with-multilib-list=m32,m64,mx32 --enable-multilib --with-tune=generic --enable-checking=release --build=x86_64-linux-gnu --host=x86_64-linux-gnu --target=x86_64-linux-gnu
Thread model: posix
gcc version 4.9.2 (Ubuntu 4.9.2-0ubuntu1~14.04) 
configure:3041: $? = 0
configure:3043: g++ -V </dev/null >&5
g++: error: unrecognized command line option '-V'
g++: fatal error: no input files
compilation terminated.
configure:3046: $? = 4
configure:3049: checking whether we are using the GNU C++ compiler
configure:3073: g++ -c   conftest.cc >&5
configure:3079: $? = 0
configure:3083: test -z 
			 || test ! -s conftest.err
configure:3086: $? = 0
configure:3089: test -s conftest.o
configure:3092: $? = 0
configure:3105: result: yes
configure:3111: checking whether g++ accepts -g
configure:3132: g++ -c -g  conftest.cc >&5
configure:3138: $? = 0
configure:3142: test -z 
			 || test ! -s conftest.err
configure:3145: $? = 0
configure:3148: test -s conftest.o
configure:3151: $? = 0
configure:3162: result: yes
configure:3204: g++ -c -g -O2  conftest.cc >&5
configure:3210: $? = 0
configure:3214: test -z 
			 || test ! -s conftest.err
configure:3217: $? = 0
configure:3220: test -s conftest.o
configure:3223: $? = 0
configure:3249: g++ -c -g -O2  conftest.cc >&5
conftest.cc: In function 'int main()':
conftest.cc:15:9: error: 'exit' was not declared in this scope
 exit (42);
         ^
configure:3255: $? = 1
configure: failed program was:
| /* confdefs.h.  */
| 
| #define PACKAGE_NAME ""
| #define PACKAGE_TARNAME ""
| #define PACKAGE_VERSION ""
| #define PACKAGE_STRING ""
| #define PACKAGE_BUGREPORT ""
| #define PACKAGE "xmlrpc-c"
| #define VERSION "1.06.27"
| /* end confdefs.h.  */
| 
| int
| main ()
| {
| exit (42);
|   ;
|   return 0;
| }
configure:3204: g++ -c -g -O2  conftest.cc >&5
conftest.cc:11:40: error: 'void std::exit(int)' should have been declared inside 'std'
 extern "C" void std::exit (int) throw (); using std::exit;
                                        ^
configure:3210: $? = 1
configure: failed program was:
| /* confdefs.h.  */
| 
| #define PACKAGE_NAME ""
| #define PACKAGE_TARNAME ""
| #define PACKAGE_VERSION ""
| #define PACKAGE_STRING ""
| #define PACKAGE_BUGREPORT ""
| #define PACKAGE "xmlrpc-c"
| #define VERSION "1.06.27"
| /* end confdefs.h.  */
| extern "C" void std::exit (int) throw (); using std::exit;
| #include <stdlib.h>
| int
| main ()
| {
| exit (42);
|   ;
|   return 0;
| }
configure:3204: g++ -c -g -O2  conftest.cc >&5
conftest.cc:11:31: error: 'void std::exit(int)' should have been declared inside 'std'
 extern "C" void std::exit (int); using std::exit;
                               ^
In file included from conftest.cc:12:0:
/usr/include/stdlib.h:543:70: error: declaration of 'void std::exit(int) throw ()' has a different exception specifier
 extern void exit (int __status) __THROW __attribute__ ((__noreturn__));
                                                                      ^
conftest.cc:11:17: error: from previous declaration 'void std::exit(int)'
 extern "C" void std::exit (int); using std::exit;
                 ^
configure:3210: $? = 1
configure: failed program was:
| /* confdefs.h.  */
| 
| #define PACKAGE_NAME ""
| #define PACKAGE_TARNAME ""
| #define PACKAGE_VERSION ""
| #define PACKAGE_STRING ""
| #define PACKAGE_BUGREPORT ""
| #define PACKAGE "xmlrpc-c"
| #define VERSION "1.06.27"
| /* end confdefs.h.  */
| extern "C" void std::exit (int); using std::exit;
| #include <stdlib.h>
| int
| main ()
| {
| exit (42);
|   ;
|   return 0;
| }
configure:3204: g++ -c -g -O2  conftest.cc >&5
configure:3210: $? = 0
configure:3214: test -z 
			 || test ! -s conftest.err
configure:3217: $? = 0
configure:3220: test -s conftest.o
configure:3223: $? = 0
configure:3249: g++ -c -g -O2  conftest.cc >&5
configure:3255: $? = 0
configure:3259: test -z 
			 || test ! -s conftest.err
configure:3262: $? = 0
configure:3265: test -s conftest.o
configure:3268: $? = 0
configure:3300: checking for socket
configure:3357: gcc -o conftest -g -O2   conftest.c  >&5
configure:3363: $? = 0
configure:3367: test -z 
			 || test ! -s conftest.err
configure:3370: $? = 0
configure:3373: test -s conftest
configure:3376: $? = 0
configure:3388: result: yes
configure:3494: checking how to run the C preprocessor
configure:3529: gcc -E  conftest.c
configure:3535: $? = 0
configure:3567: gcc -E  conftest.c
conftest.c:14:28: fatal error: ac_nonexistent.h: No such file or directory
 #include <ac_nonexistent.h>
                            ^
compilation terminated.
configure:3573: $? = 1
configure: failed program was:
| /* confdefs.h.  */
| 
| #define PACKAGE_NAME ""
| #define PACKAGE_TARNAME ""
| #define PACKAGE_VERSION ""
| #define PACKAGE_STRING ""
| #define PACKAGE_BUGREPORT ""
| #define PACKAGE "xmlrpc-c"
| #define VERSION "1.06.27"
| #ifdef __cplusplus
| extern "C" void exit (int) throw ();
| #endif
| /* end confdefs.h.  */
| #include <ac_nonexistent.h>
configure:3612: result: gcc -E
configure:3636: gcc -E  conftest.c
configure:3642: $? = 0
configure:3674: gcc -E  conftest.c
conftest.c:14:28: fatal error: ac_nonexistent.h: No such file or directory
 #include <ac_nonexistent.h>
                            ^
compilation terminated.
configure:3680: $? = 1
configure: failed program was:
| /* confdefs.h.  */
| 
| #define PACKAGE_NAME ""
| #define PACKAGE_TARNAME ""
| #define PACKAGE_VERSION ""
| #define PACKAGE_STRING ""
| #define PACKAGE_BUGREPORT ""
| #define PACKAGE "xmlrpc-c"
| #define VERSION "1.06.27"
| #ifdef __cplusplus
| extern "C" void exit (int) throw ();
| #endif
| /* end confdefs.h.  */
| #include <ac_nonexistent.h>
configure:3724: checking for egrep
configure:3734: result: grep -E
configure:3739: checking for ANSI C header files
configure:3764: gcc -c -g -O2  conftest.c >&5
configure:3770: $? = 0
configure:3774: test -z 
			 || test ! -s conftest.err
configure:3777: $? = 0
configure:3780: test -s conftest.o
configure:3783: $? = 0
configure:3872: gcc -o conftest -g -O2   conftest.c  >&5
conftest.c: In function 'main':
conftest.c:31:7: warning: incompatible implicit declaration of built-in function 'exit'
       exit(2);
       ^
configure:3875: $? = 0
configure:3877: ./conftest
configure:3880: $? = 0
configure:3895: result: yes
configure:3921: checking for sys/types.h
configure:3937: gcc -c -g -O2  conftest.c >&5
configure:3943: $? = 0
configure:3947: test -z 
			 || test ! -s conftest.err
configure:3950: $? = 0
configure:3953: test -s conftest.o
configure:3956: $? = 0
configure:3967: result: yes
configure:3921: checking for sys/stat.h
configure:3937: gcc -c -g -O2  conftest.c >&5
configure:3943: $? = 0
configure:3947: test -z 
			 || test ! -s conftest.err
configure:3950: $? = 0
configure:3953: test -s conftest.o
configure:3956: $? = 0
configure:3967: result: yes
configure:3921: checking for stdlib.h
configure:3937: gcc -c -g -O2  conftest.c >&5
configure:3943: $? = 0
configure:3947: test -z 
			 || test ! -s conftest.err
configure:3950: $? = 0
configure:3953: test -s conftest.o
configure:3956: $? = 0
configure:3967: result: yes
configure:3921: checking for string.h
configure:3937: gcc -c -g -O2  conftest.c >&5
configure:3943: $? = 0
configure:3947: test -z 
			 || test ! -s conftest.err
configure:3950: $? = 0
configure:3953: test -s conftest.o
configure:3956: $? = 0
configure:3967: result: yes
configure:3921: checking for memory.h
configure:3937: gcc -c -g -O2  conftest.c >&5
configure:3943: $? = 0
configure:3947: test -z 
			 || test ! -s conftest.err
configure:3950: $? = 0
configure:3953: test -s conftest.o
configure:3956: $? = 0
configure:3967: result: yes
configure:3921: checking for strings.h
configure:3937: gcc -c -g -O2  conftest.c >&5
configure:3943: $? = 0
configure:3947: test -z 
			 || test ! -s conftest.err
configure:3950: $? = 0
configure:3953: test -s conftest.o
configure:3956: $? = 0
configure:3967: result: yes
configure:3921: checking for inttypes.h
configure:3937: gcc -c -g -O2  conftest.c >&5
configure:3943: $? = 0
configure:3947: test -z 
			 || test ! -s conftest.err
configure:3950: $? = 0
configure:3953: test -s conftest.o
configure:3956: $? = 0
configure:3967: result: yes
configure:3921: checking for stdint.h
configure:3937: gcc -c -g -O2  conftest.c >&5
configure:3943: $? = 0
configure:3947: test -z 
			 || test ! -s conftest.err
configure:3950: $? = 0
configure:3953: test -s conftest.o
configure:3956: $? = 0
configure:3967: result: yes
configure:3921: checking for unistd.h
configure:3937: gcc -c -g -O2  conftest.c >&5
configure:3943: $? = 0
configure:3947: test -z 
			 || test ! -s conftest.err
configure:3950: $? = 0
configure:3953: test -s conftest.o
configure:3956: $? = 0
configure:3967: result: yes
configure:3993: checking wchar.h usability
configure:4005: gcc -c -g -O2  conftest.c >&5
configure:4011: $? = 0
configure:4015: test -z 
			 || test ! -s conftest.err
configure:4018: $? = 0
configure:4021: test -s conftest.o
configure:4024: $? = 0
configure:4034: result: yes
configure:4038: checking wchar.h presence
configure:4048: gcc -E  conftest.c
configure:4054: $? = 0
configure:4074: result: yes
configure:4109: checking for wchar.h
configure:4116: result: yes
configure:4153: checking sys/filio.h usability
configure:4165: gcc -c -g -O2  conftest.c >&5
conftest.c:59:23: fatal error: sys/filio.h: No such file or directory
 #include <sys/filio.h>
                       ^
compilation terminated.
configure:4171: $? = 1
configure: failed program was:
| /* confdefs.h.  */
| 
| #define PACKAGE_NAME ""
| #define PACKAGE_TARNAME ""
| #define PACKAGE_VERSION ""
| #define PACKAGE_STRING ""
| #define PACKAGE_BUGREPORT ""
| #define PACKAGE "xmlrpc-c"
| #define VERSION "1.06.27"
| #ifdef __cplusplus
| extern "C" void exit (int) throw ();
| #endif
| #define STDC_HEADERS 1
| #define HAVE_SYS_TYPES_H 1
| #define HAVE_SYS_STAT_H 1
| #define HAVE_STDLIB_H 1
| #define HAVE_STRING_H 1
| #define HAVE_MEMORY_H 1
| #define HAVE_STRINGS_H 1
| #define HAVE_INTTYPES_H 1
| #define HAVE_STDINT_H 1
| #define HAVE_UNISTD_H 1
| #define HAVE_WCHAR_H 1
| /* end confdefs.h.  */
| #include <stdio.h>
| #if HAVE_SYS_TYPES_H
| # include <sys/types.h>
| #endif
| #if HAVE_SYS_STAT_H
| # include <sys/stat.h>
| #endif
| #if STDC_HEADERS
| # include <stdlib.h>
| # include <stddef.h>
| #else
| # if HAVE_STDLIB_H
| #  include <stdlib.h>
| # endif
| #endif
| #if HAVE_STRING_H
| # if !STDC_HEADERS && HAVE_MEMORY_H
| #  include <memory.h>
| # endif
| # include <string.h>
| #endif
| #if HAVE_STRINGS_H
| # include <strings.h>
| #endif
| #if HAVE_INTTYPES_H
| # include <inttypes.h>
| #else
| # if HAVE_STDINT_H
| #  include <stdint.h>
| # endif
| #endif
| #if HAVE_UNISTD_H
| # include <unistd.h>
| #endif
| #include <sys/filio.h>
configure:4194: result: no
configure:4198: checking sys/filio.h presence
configure:4208: gcc -E  conftest.c
conftest.c:25:23: fatal error: sys/filio.h: No such file or directory
 #include <sys/filio.h>
                       ^
compilation terminated.
configure:4214: $? = 1
configure: failed program was:
| /* confdefs.h.  */
| 
| #define PACKAGE_NAME ""
| #define PACKAGE_TARNAME ""
| #define PACKAGE_VERSION ""
| #define PACKAGE_STRING ""
| #define PACKAGE_BUGREPORT ""
| #define PACKAGE "xmlrpc-c"
| #define VERSION "1.06.27"
| #ifdef __cplusplus
| extern "C" void exit (int) throw ();
| #endif
| #define STDC_HEADERS 1
| #define HAVE_SYS_TYPES_H 1
| #define HAVE_SYS_STAT_H 1
| #define HAVE_STDLIB_H 1
| #define HAVE_STRING_H 1
| #define HAVE_MEMORY_H 1
| #define HAVE_STRINGS_H 1
| #define HAVE_INTTYPES_H 1
| #define HAVE_STDINT_H 1
| #define HAVE_UNISTD_H 1
| #define HAVE_WCHAR_H 1
| /* end confdefs.h.  */
| #include <sys/filio.h>
configure:4234: result: no
configure:4269: checking for sys/filio.h
configure:4276: result: no
configure:4312: checking sys/ioctl.h usability
configure:4324: gcc -c -g -O2  conftest.c >&5
configure:4330: $? = 0
configure:4334: test -z 
			 || test ! -s conftest.err
configure:4337: $? = 0
configure:4340: test -s conftest.o
configure:4343: $? = 0
configure:4353: result: yes
configure:4357: checking sys/ioctl.h presence
configure:4367: gcc -E  conftest.c
configure:4373: $? = 0
configure:4393: result: yes
configure:4428: checking for sys/ioctl.h
configure:4435: result: yes
configure:4470: checking stdarg.h usability
configure:4482: gcc -c -g -O2  conftest.c >&5
configure:4488: $? = 0
configure:4492: test -z 
			 || test ! -s conftest.err
configure:4495: $? = 0
configure:4498: test -s conftest.o
configure:4501: $? = 0
configure:4511: result: yes
configure:4515: checking stdarg.h presence
configure:4525: gcc -E  conftest.c
configure:4531: $? = 0
configure:4551: result: yes
configure:4586: checking for stdarg.h
configure:4593: result: yes
configure:4615: checking for size_t
configure:4639: gcc -c -g -O2  conftest.c >&5
configure:4645: $? = 0
configure:4649: test -z 
			 || test ! -s conftest.err
configure:4652: $? = 0
configure:4655: test -s conftest.o
configure:4658: $? = 0
configure:4669: result: yes
configure:4683: checking whether va_list is an array
configure:4703: gcc -c -g -O2  conftest.c >&5
conftest.c: In function 'main':
conftest.c:33:29: error: assignment to expression with array type
 va_list list1, list2; list1 = list2;
                             ^
configure:4709: $? = 1
configure: failed program was:
| /* confdefs.h.  */
| 
| #define PACKAGE_NAME ""
| #define PACKAGE_TARNAME ""
| #define PACKAGE_VERSION ""
| #define PACKAGE_STRING ""
| #define PACKAGE_BUGREPORT ""
| #define PACKAGE "xmlrpc-c"
| #define VERSION "1.06.27"
| #ifdef __cplusplus
| extern "C" void exit (int) throw ();
| #endif
| #define STDC_HEADERS 1
| #define HAVE_SYS_TYPES_H 1
| #define HAVE_SYS_STAT_H 1
| #define HAVE_STDLIB_H 1
| #define HAVE_STRING_H 1
| #define HAVE_MEMORY_H 1
| #define HAVE_STRINGS_H 1
| #define HAVE_INTTYPES_H 1
| #define HAVE_STDINT_H 1
| #define HAVE_UNISTD_H 1
| #define HAVE_WCHAR_H 1
| #define HAVE_SYS_IOCTL_H 1
| #define HAVE_STDARG_H 1
| /* end confdefs.h.  */
| 
| #include <stdarg.h>
| 
| int
| main ()
| {
| va_list list1, list2; list1 = list2;
|   ;
|   return 0;
| }
configure:4732: result: yes
configure:4741: checking whether compiler has __attribute__
configure:4759: gcc -c -g -O2  conftest.c >&5
configure:4765: $? = 0
configure:4769: test -z 
			 || test ! -s conftest.err
configure:4772: $? = 0
configure:4775: test -s conftest.o
configure:4778: $? = 0
configure:4788: result: yes
configure:4799: checking for vsnprintf
configure:4856: gcc -o conftest -g -O2   conftest.c  >&5
conftest.c:51:6: warning: conflicting types for built-in function 'vsnprintf'
 char vsnprintf ();
      ^
configure:4862: $? = 0
configure:4866: test -z 
			 || test ! -s conftest.err
configure:4869: $? = 0
configure:4872: test -s conftest
configure:4875: $? = 0
configure:4887: result: yes
configure:4904: checking for wcsncmp
configure:4961: gcc -o conftest -g -O2   conftest.c  >&5
configure:4967: $? = 0
configure:4971: test -z 
			 || test ! -s conftest.err
configure:4974: $? = 0
configure:4977: test -s conftest
configure:4980: $? = 0
configure:4992: result: yes
configure:5007: checking for setgroups
configure:5064: gcc -o conftest -g -O2   conftest.c  >&5
configure:5070: $? = 0
configure:5074: test -z 
			 || test ! -s conftest.err
configure:5077: $? = 0
configure:5080: test -s conftest
configure:5083: $? = 0
configure:5095: result: yes
configure:5110: checking for asprintf
configure:5167: gcc -o conftest -g -O2   conftest.c  >&5
configure:5173: $? = 0
configure:5177: test -z 
			 || test ! -s conftest.err
configure:5180: $? = 0
configure:5183: test -s conftest
configure:5186: $? = 0
configure:5198: result: yes
configure:5213: checking for setenv
configure:5270: gcc -o conftest -g -O2   conftest.c  >&5
configure:5276: $? = 0
configure:5280: test -z 
			 || test ! -s conftest.err
configure:5283: $? = 0
configure:5286: test -s conftest
configure:5289: $? = 0
configure:5301: result: yes
configure:5319: checking whether to use Abyss pthread function
configure:5328: result: yes
configure:5643: checking whether to use SSL with libwww
configure:5650: result: no
configure:5664: checking whether to build the libxml2 backend
configure:5666: result: no
configure:5836: checking for ranlib
configure:5852: found /usr/bin/ranlib
configure:5863: result: ranlib
configure:5886: checking for ld used by GCC
configure:5943: result: /usr/bin/ld
configure:5952: checking if the linker (/usr/bin/ld) is GNU ld
GNU ld (GNU Binutils for Ubuntu) 2.24
configure:5964: result: yes
configure:5968: checking for BSD-compatible nm
configure:6002: result: /usr/bin/nm -B
configure:6005: checking whether ln -s works
configure:6009: result: yes
ltconfig:603: checking for object suffix
ltconfig:604: gcc -c -g -O2 -D_THREAD  conftest.c 1>&5
ltconfig:629: checking for executable suffix
ltconfig:630: gcc -o conftest -g -O2 -D_THREAD   conftest.c  1>&5
ltconfig:776: checking if gcc PIC flag -fPIC works
ltconfig:777: gcc -c -g -O2 -D_THREAD -fPIC -DPIC  conftest.c 1>&5
ltconfig:829: checking if gcc supports -c -o file.o
ltconfig:830: gcc -c -g -O2 -D_THREAD -o out/conftest2.o  conftest.c 1>&5
ltconfig:862: checking if gcc supports -c -o file.lo
ltconfig:863: gcc -c -g -O2 -D_THREAD -c -o conftest.lo  conftest.c 1>&5
ltconfig:914: checking if gcc supports -fno-rtti -fno-exceptions
ltconfig:915: gcc -c -g -O2 -D_THREAD -fno-rtti -fno-exceptions -c conftest.c  conftest.c 1>&5
ltconfig:958: checking if gcc static flag -static works
ltconfig:959: gcc -o conftest -g -O2 -D_THREAD   -static conftest.c  1>&5
GNU ld (GNU Binutils for Ubuntu) 2.24
ltconfig:1635: checking if global_symbol_pipe works
ltconfig:1636: gcc -c -g -O2 -D_THREAD  conftest.c 1>&5
ltconfig:1639: eval "/usr/bin/nm -B conftest.o | sed -n -e 's/^.*[ 	]\([ABCDGISTW]\)[ 	][ 	]*\(\)\([_A-Za-z][_A-Za-z0-9]*\)$/\1 \2\3 \3/p' > conftest.nm"
ltconfig:1691: gcc -o conftest -g -O2 -D_THREAD -fno-builtin   conftest.c conftstm.o 1>&5
configure:6334: creating ./config.status

## ---------------------- ##
## Running config.status. ##
## ---------------------- ##

This file was extended by config.status, which was
generated by GNU Autoconf 2.59.  Invocation command line was

  CONFIG_FILES    = 
  CONFIG_HEADERS  = 
  CONFIG_LINKS    = 
  CONFIG_COMMANDS = 
  $ ./config.status 

on benjamintrapani-To-be-filled-by-O-E-M

config.status:748: creating xmlrpc-c-config
config.status:748: creating xmlrpc-c-config.test
config.status:748: creating Makefile.config
config.status:748: creating xmlrpc_config.h
config.status:852: creating xmlrpc_amconfig.h
config.status:1130: executing default-1 commands

## ---------------- ##
## Cache variables. ##
## ---------------- ##

ac_cv_build=x86_64-unknown-linux-gnu
ac_cv_build_alias=x86_64-unknown-linux-gnu
ac_cv_c_compiler_gnu=yes
ac_cv_cxx_compiler_gnu=yes
ac_cv_env_CC_set=
ac_cv_env_CC_value=
ac_cv_env_CFLAGS_set=
ac_cv_env_CFLAGS_value=
ac_cv_env_CPPFLAGS_set=
ac_cv_env_CPPFLAGS_value=
ac_cv_env_CPP_set=
ac_cv_env_CPP_value=
ac_cv_env_CXXFLAGS_set=
ac_cv_env_CXXFLAGS_value=
ac_cv_env_CXX_set=
ac_cv_env_CXX_value=
ac_cv_env_LDFLAGS_set=
ac_cv_env_LDFLAGS_value=
ac_cv_env_build_alias_set=
ac_cv_env_build_alias_value=
ac_cv_env_host_alias_set=
ac_cv_env_host_alias_value=
ac_cv_env_target_alias_set=
ac_cv_env_target_alias_value=
ac_cv_exeext=
ac_cv_func_asprintf=yes
ac_cv_func_setenv=yes
ac_cv_func_setgroups=yes
ac_cv_func_socket=yes
ac_cv_func_vsnprintf=yes
ac_cv_func_wcsncmp=yes
ac_cv_header_inttypes_h=yes
ac_cv_header_memory_h=yes
ac_cv_header_stdarg_h=yes
ac_cv_header_stdc=yes
ac_cv_header_stdint_h=yes
ac_cv_header_stdlib_h=yes
ac_cv_header_string_h=yes
ac_cv_header_strings_h=yes
ac_cv_header_sys_filio_h=no
ac_cv_header_sys_ioctl_h=yes
ac_cv_header_sys_stat_h=yes
ac_cv_header_sys_types_h=yes
ac_cv_header_unistd_h=yes
ac_cv_header_wchar_h=yes
ac_cv_host=x86_64-unknown-linux-gnu
ac_cv_host_alias=x86_64-unknown-linux-gnu
ac_cv_objext=o
ac_cv_path_LD=/usr/bin/ld
ac_cv_path_NM='/usr/bin/nm -B'
ac_cv_path_install='/usr/bin/install -c'
ac_cv_prog_CPP='gcc -E'
ac_cv_prog_ac_ct_CC=gcc
ac_cv_prog_ac_ct_CXX=g++
ac_cv_prog_ac_ct_RANLIB=ranlib
ac_cv_prog_cc_g=yes
ac_cv_prog_cc_stdc=
ac_cv_prog_cxx_g=yes
ac_cv_prog_egrep='grep -E'
ac_cv_prog_gnu_ld=yes
ac_cv_prog_have_curl_config=no
ac_cv_prog_have_libwww_config=no
ac_cv_prog_have_wininet_config=no
ac_cv_prog_make_make_set=yes
ac_cv_type_size_t=yes

## ----------------- ##
## Output variables. ##
## ----------------- ##

ABYSS_SUBDIR='abyss'
ACLOCAL='/home/benjamintrapani/Dropbox/Work/Programming/Linux/OTPEncryptionSystem/OTPEncryptor/Deps/xmlrpc-c/xmlrpc-c-1.06.27/missing aclocal'
ASYNCH_CLIENT='asynch_client'
ATTR_UNUSED='__attribute__((__unused__))'
AUTH_CLIENT='auth_client'
AUTOCONF='/home/benjamintrapani/Dropbox/Work/Programming/Linux/OTPEncryptionSystem/OTPEncryptor/Deps/xmlrpc-c/xmlrpc-c-1.06.27/missing autoconf'
AUTOHEADER='/home/benjamintrapani/Dropbox/Work/Programming/Linux/OTPEncryptionSystem/OTPEncryptor/Deps/xmlrpc-c/xmlrpc-c-1.06.27/missing autoheader'
AUTOMAKE='/home/benjamintrapani/Dropbox/Work/Programming/Linux/OTPEncryptionSystem/OTPEncryptor/Deps/xmlrpc-c/xmlrpc-c-1.06.27/missing automake'
BUILDDIR='/home/benjamintrapani/Dropbox/Work/Programming/Linux/OTPEncryptionSystem/OTPEncryptor/Deps/xmlrpc-c/xmlrpc-c-1.06.27'
CC='gcc'
CC_WARN_FLAGS=''
CFLAGS='-g -O2 -D_THREAD'
CLIENTTEST='clienttest'
CPP='gcc -E'
CPPFLAGS=''
CPPTEST='cpptest'
CPP_WARN_FLAGS=''
CURL_CONFIG=''
CURL_LDADD=''
CURL_LIBDIR=''
CURL_RPATH=''
CURL_WL_RPATH=''
CXX='g++'
CXXFLAGS='-g -O2'
CXX_COMPILER_GNU='yes'
C_COMPILER_GNU='yes'
DEFS='-DHAVE_CONFIG_H'
DIRECTORY_SEPARATOR='/'
ECHO_C=''
ECHO_N='-n'
ECHO_T=''
EGREP='grep -E'
ENABLE_ABYSS_SERVER='yes'
ENABLE_ABYSS_THREADS='yes'
ENABLE_CGI_SERVER='yes'
ENABLE_CPLUSPLUS='yes'
ENABLE_LIBXML2_BACKEND='no'
EXEEXT=''
FEATURE_LIST='c++ abyss-server '
HAVE_LIBWWW_SSL_DEFINE='0'
HAVE_SYS_FILIO_H_DEFINE='0'
HAVE_SYS_IOCTL_H_DEFINE='1'
HAVE_WCHAR_H_DEFINE='1'
INSTALL_DATA='${INSTALL} -m 644'
INSTALL_PROGRAM='${INSTALL}'
INSTALL_SCRIPT='${INSTALL}'
LDFLAGS=''
LIBOBJS=''
LIBS=''
LIBTOOL='$(SHELL) $(top_builddir)/libtool'
LIBWWW_CONFIG=''
LIBWWW_LDADD=''
LIBWWW_LIBDIR=''
LIBWWW_RPATH=''
LIBWWW_WL_RPATH=''
LIBXMLRPC_ABYSS_SERVER_LA='libxmlrpc_abyss_server.la'
LIBXMLRPC_CLIENT_LA='libxmlrpc_client.la'
LIBXMLRPC_CPP_A='libxmlrpc_cpp.a'
LN_S='ln -s'
LSOCKET=''
LTLIBOBJS=''
MAKEINFO='/home/benjamintrapani/Dropbox/Work/Programming/Linux/OTPEncryptionSystem/OTPEncryptor/Deps/xmlrpc-c/xmlrpc-c-1.06.27/missing makeinfo'
MUST_BUILD_CURL_CLIENT='no'
MUST_BUILD_LIBWWW_CLIENT='no'
MUST_BUILD_WININET_CLIENT='no'
OBJEXT='o'
PACKAGE='xmlrpc-c'
PACKAGE_BUGREPORT=''
PACKAGE_NAME=''
PACKAGE_STRING=''
PACKAGE_TARNAME=''
PACKAGE_VERSION=''
PATH_SEPARATOR=':'
QUERY_MEERKAT='query-meerkat'
RANLIB='ranlib'
SERVER='server'
SERVERTEST='servertest'
SET_MAKE=''
SHELL='/bin/bash'
SYNCH_CLIENT='synch_client'
VALIDATEE='validatee'
VA_LIST_IS_ARRAY_DEFINE='1'
VERSION='1.06.27'
VERSION_INFO='-version-info 7:0:6'
WININET_CFLAGS=''
WININET_CONFIG=''
WININET_LDADD=''
WININET_LIBDIR=''
WININET_RPATH=''
WININET_WL_RPATH=''
XMLRPCCPP_H='XmlRpcCpp.h'
XMLRPC_ABYSS_H='xmlrpc_abyss.h'
XMLRPC_CLIENT_H='xmlrpc_client.h'
XMLRPC_TRANSPORT_H='xmlrpc_transport.h'
XML_RPC_API2CPP_SUBDIR=''
ac_ct_CC='gcc'
ac_ct_CXX='g++'
ac_ct_RANLIB='ranlib'
bindir='${exec_prefix}/bin'
build='x86_64-unknown-linux-gnu'
build_alias=''
build_cpu='x86_64'
build_os='linux-gnu'
build_vendor='unknown'
datadir='${prefix}/share'
exec_prefix='${prefix}'
have_curl_config='no'
have_libwww_config='no'
have_wininet_config='no'
have_xml2_config=''
host='x86_64-unknown-linux-gnu'
host_alias=''
host_cpu='x86_64'
host_os='linux-gnu'
host_vendor='unknown'
includedir='${prefix}/include'
infodir='${prefix}/info'
libdir='${exec_prefix}/lib'
libexecdir='${exec_prefix}/libexec'
localstatedir='${prefix}/var'
mandir='${prefix}/man'
oldincludedir='/usr/include'
prefix='/usr/local'
program_transform_name='s,x,x,'
sbindir='${exec_prefix}/sbin'
sharedstatedir='${prefix}/com'
sysconfdir='${prefix}/etc'
target_alias=''

## ----------- ##
## confdefs.h. ##
## ----------- ##

#define HAVE_ASPRINTF 1
#define HAVE_INTTYPES_H 1
#define HAVE_MEMORY_H 1
#define HAVE_SETENV 1
#define HAVE_SETGROUPS 1
#define HAVE_STDARG_H 1
#define HAVE_STDINT_H 1
#define HAVE_STDLIB_H 1
#define HAVE_STRINGS_H 1
#define HAVE_STRING_H 1
#define HAVE_SYS_IOCTL_H 1
#define HAVE_SYS_STAT_H 1
#define HAVE_SYS_TYPES_H 1
#define HAVE_UNISTD_H 1
#define HAVE_WCHAR_H 1
#define HAVE_WCSNCMP 1
#define PACKAGE "xmlrpc-c"
#define PACKAGE_BUGREPORT ""
#define PACKAGE_NAME ""
#define PACKAGE_STRING ""
#define PACKAGE_TARNAME ""
#define PACKAGE_VERSION ""
#define STDC_HEADERS 1
#define VERSION "1.06.27"
#endif
#ifdef __cplusplus
extern "C" void exit (int) throw ();

configure: exit 0
