This file contains any messages produced by compilers while
running configure, to aid debugging if configure makes a mistake.

It was created by gloox configure 1.0.13, which was
generated by GNU Autoconf 2.69.  Invocation command line was

  $ ./configure 

## --------- ##
## Platform. ##
## --------- ##

hostname = benjamintrapani-To-be-filled-by-O-E-M
uname -m = x86_64
uname -r = 3.13.0-46-generic
uname -s = Linux
uname -v = #77-Ubuntu SMP Mon Mar 2 18:23:39 UTC 2015

/usr/bin/uname -p = unknown
/bin/uname -X     = unknown

/bin/arch              = unknown
/usr/bin/arch -k       = unknown
/usr/convex/getsysinfo = unknown
/usr/bin/hostinfo      = unknown
/bin/machine           = unknown
/usr/bin/oslevel       = unknown
/bin/universe          = unknown

PATH: /usr/local/sbin
PATH: /usr/local/bin
PATH: /usr/sbin
PATH: /usr/bin
PATH: /sbin
PATH: /bin
PATH: /usr/games
PATH: /usr/local/games
PATH: /usr/lib/jvm/java-8-oracle/bin
PATH: /usr/lib/jvm/java-8-oracle/db/bin
PATH: /usr/lib/jvm/java-8-oracle/jre/bin


## ----------- ##
## Core tests. ##
## ----------- ##

configure:2430: checking for a BSD-compatible install
configure:2498: result: /usr/bin/install -c
configure:2509: checking whether build environment is sane
configure:2559: result: yes
configure:2700: checking for a thread-safe mkdir -p
configure:2739: result: /bin/mkdir -p
configure:2752: checking for gawk
configure:2782: result: no
configure:2752: checking for mawk
configure:2768: found /usr/bin/mawk
configure:2779: result: mawk
configure:2790: checking whether make sets $(MAKE)
configure:2812: result: yes
configure:2905: checking build system type
configure:2919: result: x86_64-unknown-linux-gnu
configure:2939: checking host system type
configure:2952: result: x86_64-unknown-linux-gnu
configure:3022: checking for gcc
configure:3038: found /usr/bin/gcc
configure:3049: result: gcc
configure:3278: checking for C compiler version
configure:3287: gcc --version >&5
gcc (Ubuntu 4.9.2-0ubuntu1~14.04) 4.9.2
Copyright (C) 2014 Free Software Foundation, Inc.
This is free software; see the source for copying conditions.  There is NO
warranty; not even for MERCHANTABILITY or FITNESS FOR A PARTICULAR PURPOSE.

configure:3298: $? = 0
configure:3287: gcc -v >&5
Using built-in specs.
COLLECT_GCC=gcc
COLLECT_LTO_WRAPPER=/usr/lib/gcc/x86_64-linux-gnu/4.9/lto-wrapper
Target: x86_64-linux-gnu
Configured with: ../src/configure -v --with-pkgversion='Ubuntu 4.9.2-0ubuntu1~14.04' --with-bugurl=file:///usr/share/doc/gcc-4.9/README.Bugs --enable-languages=c,c++,java,go,d,fortran,objc,obj-c++ --prefix=/usr --program-suffix=-4.9 --enable-shared --enable-linker-build-id --libexecdir=/usr/lib --without-included-gettext --enable-threads=posix --with-gxx-include-dir=/usr/include/c++/4.9 --libdir=/usr/lib --enable-nls --with-sysroot=/ --enable-clocale=gnu --enable-libstdcxx-debug --enable-libstdcxx-time=yes --enable-gnu-unique-object --disable-vtable-verify --enable-plugin --with-system-zlib --disable-browser-plugin --enable-java-awt=gtk --enable-gtk-cairo --with-java-home=/usr/lib/jvm/java-1.5.0-gcj-4.9-amd64/jre --enable-java-home --with-jvm-root-dir=/usr/lib/jvm/java-1.5.0-gcj-4.9-amd64 --with-jvm-jar-dir=/usr/lib/jvm-exports/java-1.5.0-gcj-4.9-amd64 --with-arch-directory=amd64 --with-ecj-jar=/usr/share/java/eclipse-ecj.jar --enable-objc-gc --enable-multiarch --disable-werror --with-arch-32=i686 --with-abi=m64 --with-multilib-list=m32,m64,mx32 --enable-multilib --with-tune=generic --enable-checking=release --build=x86_64-linux-gnu --host=x86_64-linux-gnu --target=x86_64-linux-gnu
Thread model: posix
gcc version 4.9.2 (Ubuntu 4.9.2-0ubuntu1~14.04) 
configure:3298: $? = 0
configure:3287: gcc -V >&5
gcc: error: unrecognized command line option '-V'
gcc: fatal error: no input files
compilation terminated.
configure:3298: $? = 4
configure:3287: gcc -qversion >&5
gcc: error: unrecognized command line option '-qversion'
gcc: fatal error: no input files
compilation terminated.
configure:3298: $? = 4
configure:3318: checking whether the C compiler works
configure:3340: gcc    conftest.c  >&5
configure:3344: $? = 0
configure:3392: result: yes
configure:3395: checking for C compiler default output file name
configure:3397: result: a.out
configure:3403: checking for suffix of executables
configure:3410: gcc -o conftest    conftest.c  >&5
configure:3414: $? = 0
configure:3436: result: 
configure:3458: checking whether we are cross compiling
configure:3466: gcc -o conftest    conftest.c  >&5
configure:3470: $? = 0
configure:3477: ./conftest
configure:3481: $? = 0
configure:3496: result: no
configure:3501: checking for suffix of object files
configure:3523: gcc -c   conftest.c >&5
configure:3527: $? = 0
configure:3548: result: o
configure:3552: checking whether we are using the GNU C compiler
configure:3571: gcc -c   conftest.c >&5
configure:3571: $? = 0
configure:3580: result: yes
configure:3589: checking whether gcc accepts -g
configure:3609: gcc -c -g  conftest.c >&5
configure:3609: $? = 0
configure:3650: result: yes
configure:3667: checking for gcc option to accept ISO C89
configure:3730: gcc  -c -g -O2  conftest.c >&5
configure:3730: $? = 0
configure:3743: result: none needed
configure:3774: checking for style of include used by make
configure:3802: result: GNU
configure:3828: checking dependency style of gcc
configure:3939: result: gcc3
configure:4012: checking for g++
configure:4028: found /usr/bin/g++
configure:4039: result: g++
configure:4066: checking for C++ compiler version
configure:4075: g++ --version >&5
g++ (Ubuntu 4.9.2-0ubuntu1~14.04) 4.9.2
Copyright (C) 2014 Free Software Foundation, Inc.
This is free software; see the source for copying conditions.  There is NO
warranty; not even for MERCHANTABILITY or FITNESS FOR A PARTICULAR PURPOSE.

configure:4086: $? = 0
configure:4075: g++ -v >&5
Using built-in specs.
COLLECT_GCC=g++
COLLECT_LTO_WRAPPER=/usr/lib/gcc/x86_64-linux-gnu/4.9/lto-wrapper
Target: x86_64-linux-gnu
Configured with: ../src/configure -v --with-pkgversion='Ubuntu 4.9.2-0ubuntu1~14.04' --with-bugurl=file:///usr/share/doc/gcc-4.9/README.Bugs --enable-languages=c,c++,java,go,d,fortran,objc,obj-c++ --prefix=/usr --program-suffix=-4.9 --enable-shared --enable-linker-build-id --libexecdir=/usr/lib --without-included-gettext --enable-threads=posix --with-gxx-include-dir=/usr/include/c++/4.9 --libdir=/usr/lib --enable-nls --with-sysroot=/ --enable-clocale=gnu --enable-libstdcxx-debug --enable-libstdcxx-time=yes --enable-gnu-unique-object --disable-vtable-verify --enable-plugin --with-system-zlib --disable-browser-plugin --enable-java-awt=gtk --enable-gtk-cairo --with-java-home=/usr/lib/jvm/java-1.5.0-gcj-4.9-amd64/jre --enable-java-home --with-jvm-root-dir=/usr/lib/jvm/java-1.5.0-gcj-4.9-amd64 --with-jvm-jar-dir=/usr/lib/jvm-exports/java-1.5.0-gcj-4.9-amd64 --with-arch-directory=amd64 --with-ecj-jar=/usr/share/java/eclipse-ecj.jar --enable-objc-gc --enable-multiarch --disable-werror --with-arch-32=i686 --with-abi=m64 --with-multilib-list=m32,m64,mx32 --enable-multilib --with-tune=generic --enable-checking=release --build=x86_64-linux-gnu --host=x86_64-linux-gnu --target=x86_64-linux-gnu
Thread model: posix
gcc version 4.9.2 (Ubuntu 4.9.2-0ubuntu1~14.04) 
configure:4086: $? = 0
configure:4075: g++ -V >&5
g++: error: unrecognized command line option '-V'
g++: fatal error: no input files
compilation terminated.
configure:4086: $? = 4
configure:4075: g++ -qversion >&5
g++: error: unrecognized command line option '-qversion'
g++: fatal error: no input files
compilation terminated.
configure:4086: $? = 4
configure:4090: checking whether we are using the GNU C++ compiler
configure:4109: g++ -c   conftest.cpp >&5
configure:4109: $? = 0
configure:4118: result: yes
configure:4127: checking whether g++ accepts -g
configure:4147: g++ -c -g  conftest.cpp >&5
configure:4147: $? = 0
configure:4188: result: yes
configure:4213: checking dependency style of g++
configure:4324: result: gcc3
configure:4382: checking for ranlib
configure:4398: found /usr/bin/ranlib
configure:4409: result: ranlib
configure:4477: checking how to print strings
configure:4504: result: printf
configure:4525: checking for a sed that does not truncate output
configure:4589: result: /bin/sed
configure:4607: checking for grep that handles long lines and -e
configure:4665: result: /bin/grep
configure:4670: checking for egrep
configure:4732: result: /bin/grep -E
configure:4737: checking for fgrep
configure:4799: result: /bin/grep -F
configure:4834: checking for ld used by gcc
configure:4901: result: /usr/bin/ld
configure:4908: checking if the linker (/usr/bin/ld) is GNU ld
configure:4923: result: yes
configure:4935: checking for BSD- or MS-compatible name lister (nm)
configure:4984: result: /usr/bin/nm -B
configure:5114: checking the name lister (/usr/bin/nm -B) interface
configure:5121: gcc -c -g -O2  conftest.c >&5
configure:5124: /usr/bin/nm -B "conftest.o"
configure:5127: output
0000000000000000 B some_variable
configure:5134: result: BSD nm
configure:5137: checking whether ln -s works
configure:5141: result: yes
configure:5149: checking the maximum length of command line arguments
configure:5279: result: 1572864
configure:5296: checking whether the shell understands some XSI constructs
configure:5306: result: yes
configure:5310: checking whether the shell understands "+="
configure:5316: result: yes
configure:5351: checking how to convert x86_64-unknown-linux-gnu file names to x86_64-unknown-linux-gnu format
configure:5391: result: func_convert_file_noop
configure:5398: checking how to convert x86_64-unknown-linux-gnu file names to toolchain format
configure:5418: result: func_convert_file_noop
configure:5425: checking for /usr/bin/ld option to reload object files
configure:5432: result: -r
configure:5506: checking for objdump
configure:5522: found /usr/bin/objdump
configure:5533: result: objdump
configure:5565: checking how to recognize dependent libraries
configure:5763: result: pass_all
configure:5848: checking for dlltool
configure:5878: result: no
configure:5908: checking how to associate runtime and link libraries
configure:5935: result: printf %s\n
configure:5996: checking for ar
configure:6012: found /usr/bin/ar
configure:6023: result: ar
configure:6060: checking for archiver @FILE support
configure:6077: gcc -c -g -O2  conftest.c >&5
configure:6077: $? = 0
configure:6080: ar cru libconftest.a @conftest.lst >&5
configure:6083: $? = 0
configure:6088: ar cru libconftest.a @conftest.lst >&5
ar: conftest.o: No such file or directory
configure:6091: $? = 1
configure:6103: result: @
configure:6161: checking for strip
configure:6177: found /usr/bin/strip
configure:6188: result: strip
configure:6260: checking for ranlib
configure:6287: result: ranlib
configure:6389: checking command to parse /usr/bin/nm -B output from gcc object
configure:6509: gcc -c -g -O2  conftest.c >&5
configure:6512: $? = 0
configure:6516: /usr/bin/nm -B conftest.o \| sed -n -e 's/^.*[ ]\([ABCDGIRSTW][ABCDGIRSTW]*\)[ ][ ]*\([_A-Za-z][_A-Za-z0-9]*\)$/\1 \2 \2/p' | sed '/ __gnu_lto/d' \> conftest.nm
configure:6519: $? = 0
configure:6585: gcc -o conftest -g -O2   conftest.c conftstm.o >&5
configure:6588: $? = 0
configure:6626: result: ok
configure:6663: checking for sysroot
configure:6693: result: no
configure:6770: gcc -c -g -O2  conftest.c >&5
configure:6773: $? = 0
configure:6949: checking for mt
configure:6965: found /bin/mt
configure:6976: result: mt
configure:6999: checking if mt is a manifest tool
configure:7005: mt '-?'
configure:7013: result: no
configure:7655: checking how to run the C preprocessor
configure:7686: gcc -E  conftest.c
configure:7686: $? = 0
configure:7700: gcc -E  conftest.c
conftest.c:11:28: fatal error: ac_nonexistent.h: No such file or directory
 #include <ac_nonexistent.h>
                            ^
compilation terminated.
configure:7700: $? = 1
configure: failed program was:
| /* confdefs.h */
| #define PACKAGE_NAME "gloox"
| #define PACKAGE_TARNAME "gloox"
| #define PACKAGE_VERSION "1.0.13"
| #define PACKAGE_STRING "gloox 1.0.13"
| #define PACKAGE_BUGREPORT "js@camaya.net"
| #define PACKAGE_URL ""
| #define PACKAGE "gloox"
| #define VERSION "1.0.13"
| /* end confdefs.h.  */
| #include <ac_nonexistent.h>
configure:7725: result: gcc -E
configure:7745: gcc -E  conftest.c
configure:7745: $? = 0
configure:7759: gcc -E  conftest.c
conftest.c:11:28: fatal error: ac_nonexistent.h: No such file or directory
 #include <ac_nonexistent.h>
                            ^
compilation terminated.
configure:7759: $? = 1
configure: failed program was:
| /* confdefs.h */
| #define PACKAGE_NAME "gloox"
| #define PACKAGE_TARNAME "gloox"
| #define PACKAGE_VERSION "1.0.13"
| #define PACKAGE_STRING "gloox 1.0.13"
| #define PACKAGE_BUGREPORT "js@camaya.net"
| #define PACKAGE_URL ""
| #define PACKAGE "gloox"
| #define VERSION "1.0.13"
| /* end confdefs.h.  */
| #include <ac_nonexistent.h>
configure:7788: checking for ANSI C header files
configure:7808: gcc -c -g -O2  conftest.c >&5
configure:7808: $? = 0
configure:7881: gcc -o conftest -g -O2   conftest.c  >&5
configure:7881: $? = 0
configure:7881: ./conftest
configure:7881: $? = 0
configure:7892: result: yes
configure:7905: checking for sys/types.h
configure:7905: gcc -c -g -O2  conftest.c >&5
configure:7905: $? = 0
configure:7905: result: yes
configure:7905: checking for sys/stat.h
configure:7905: gcc -c -g -O2  conftest.c >&5
configure:7905: $? = 0
configure:7905: result: yes
configure:7905: checking for stdlib.h
configure:7905: gcc -c -g -O2  conftest.c >&5
configure:7905: $? = 0
configure:7905: result: yes
configure:7905: checking for string.h
configure:7905: gcc -c -g -O2  conftest.c >&5
configure:7905: $? = 0
configure:7905: result: yes
configure:7905: checking for memory.h
configure:7905: gcc -c -g -O2  conftest.c >&5
configure:7905: $? = 0
configure:7905: result: yes
configure:7905: checking for strings.h
configure:7905: gcc -c -g -O2  conftest.c >&5
configure:7905: $? = 0
configure:7905: result: yes
configure:7905: checking for inttypes.h
configure:7905: gcc -c -g -O2  conftest.c >&5
configure:7905: $? = 0
configure:7905: result: yes
configure:7905: checking for stdint.h
configure:7905: gcc -c -g -O2  conftest.c >&5
configure:7905: $? = 0
configure:7905: result: yes
configure:7905: checking for unistd.h
configure:7905: gcc -c -g -O2  conftest.c >&5
configure:7905: $? = 0
configure:7905: result: yes
configure:7919: checking for dlfcn.h
configure:7919: gcc -c -g -O2  conftest.c >&5
configure:7919: $? = 0
configure:7919: result: yes
configure:8136: checking for objdir
configure:8151: result: .libs
configure:8418: checking if gcc supports -fno-rtti -fno-exceptions
configure:8436: gcc -c -g -O2  -fno-rtti -fno-exceptions conftest.c >&5
cc1: warning: command line option '-fno-rtti' is valid for C++/ObjC++ but not for C
configure:8440: $? = 0
configure:8453: result: no
configure:8780: checking for gcc option to produce PIC
configure:8787: result: -fPIC -DPIC
configure:8795: checking if gcc PIC flag -fPIC -DPIC works
configure:8813: gcc -c -g -O2  -fPIC -DPIC -DPIC conftest.c >&5
configure:8817: $? = 0
configure:8830: result: yes
configure:8859: checking if gcc static flag -static works
configure:8887: result: yes
configure:8902: checking if gcc supports -c -o file.o
configure:8923: gcc -c -g -O2  -o out/conftest2.o conftest.c >&5
configure:8927: $? = 0
configure:8949: result: yes
configure:8957: checking if gcc supports -c -o file.o
configure:9004: result: yes
configure:9037: checking whether the gcc linker (/usr/bin/ld -m elf_x86_64) supports shared libraries
configure:10194: result: yes
configure:10231: checking whether -lc should be explicitly linked in
configure:10239: gcc -c -g -O2  conftest.c >&5
configure:10242: $? = 0
configure:10257: gcc -shared  -fPIC -DPIC conftest.o  -v -Wl,-soname -Wl,conftest -o conftest 2\>\&1 \| /bin/grep  -lc  \>/dev/null 2\>\&1
configure:10260: $? = 0
configure:10274: result: no
configure:10434: checking dynamic linker characteristics
configure:10934: gcc -o conftest -g -O2   -Wl,-rpath -Wl,/foo conftest.c  >&5
configure:10934: $? = 0
configure:11168: result: GNU/Linux ld.so
configure:11275: checking how to hardcode library paths into programs
configure:11300: result: immediate
configure:11840: checking whether stripping libraries is possible
configure:11845: result: yes
configure:11880: checking if libtool supports shared libraries
configure:11882: result: yes
configure:11885: checking whether to build shared libraries
configure:11906: result: yes
configure:11909: checking whether to build static libraries
configure:11913: result: yes
configure:11936: checking how to run the C++ preprocessor
configure:11963: g++ -E  conftest.cpp
configure:11963: $? = 0
configure:11977: g++ -E  conftest.cpp
conftest.cpp:23:28: fatal error: ac_nonexistent.h: No such file or directory
 #include <ac_nonexistent.h>
                            ^
compilation terminated.
configure:11977: $? = 1
configure: failed program was:
| /* confdefs.h */
| #define PACKAGE_NAME "gloox"
| #define PACKAGE_TARNAME "gloox"
| #define PACKAGE_VERSION "1.0.13"
| #define PACKAGE_STRING "gloox 1.0.13"
| #define PACKAGE_BUGREPORT "js@camaya.net"
| #define PACKAGE_URL ""
| #define PACKAGE "gloox"
| #define VERSION "1.0.13"
| #define STDC_HEADERS 1
| #define HAVE_SYS_TYPES_H 1
| #define HAVE_SYS_STAT_H 1
| #define HAVE_STDLIB_H 1
| #define HAVE_STRING_H 1
| #define HAVE_MEMORY_H 1
| #define HAVE_STRINGS_H 1
| #define HAVE_INTTYPES_H 1
| #define HAVE_STDINT_H 1
| #define HAVE_UNISTD_H 1
| #define HAVE_DLFCN_H 1
| #define LT_OBJDIR ".libs/"
| /* end confdefs.h.  */
| #include <ac_nonexistent.h>
configure:12002: result: g++ -E
configure:12022: g++ -E  conftest.cpp
configure:12022: $? = 0
configure:12036: g++ -E  conftest.cpp
conftest.cpp:23:28: fatal error: ac_nonexistent.h: No such file or directory
 #include <ac_nonexistent.h>
                            ^
compilation terminated.
configure:12036: $? = 1
configure: failed program was:
| /* confdefs.h */
| #define PACKAGE_NAME "gloox"
| #define PACKAGE_TARNAME "gloox"
| #define PACKAGE_VERSION "1.0.13"
| #define PACKAGE_STRING "gloox 1.0.13"
| #define PACKAGE_BUGREPORT "js@camaya.net"
| #define PACKAGE_URL ""
| #define PACKAGE "gloox"
| #define VERSION "1.0.13"
| #define STDC_HEADERS 1
| #define HAVE_SYS_TYPES_H 1
| #define HAVE_SYS_STAT_H 1
| #define HAVE_STDLIB_H 1
| #define HAVE_STRING_H 1
| #define HAVE_MEMORY_H 1
| #define HAVE_STRINGS_H 1
| #define HAVE_INTTYPES_H 1
| #define HAVE_STDINT_H 1
| #define HAVE_UNISTD_H 1
| #define HAVE_DLFCN_H 1
| #define LT_OBJDIR ".libs/"
| /* end confdefs.h.  */
| #include <ac_nonexistent.h>
configure:12205: checking for ld used by g++
configure:12272: result: /usr/bin/ld -m elf_x86_64
configure:12279: checking if the linker (/usr/bin/ld -m elf_x86_64) is GNU ld
configure:12294: result: yes
configure:12349: checking whether the g++ linker (/usr/bin/ld -m elf_x86_64) supports shared libraries
configure:13351: result: yes
configure:13387: g++ -c -g -O2  conftest.cpp >&5
configure:13390: $? = 0
configure:13910: checking for g++ option to produce PIC
configure:13917: result: -fPIC -DPIC
configure:13925: checking if g++ PIC flag -fPIC -DPIC works
configure:13943: g++ -c -g -O2  -fPIC -DPIC -DPIC conftest.cpp >&5
configure:13947: $? = 0
configure:13960: result: yes
configure:13983: checking if g++ static flag -static works
configure:14011: result: yes
configure:14023: checking if g++ supports -c -o file.o
configure:14044: g++ -c -g -O2  -o out/conftest2.o conftest.cpp >&5
configure:14048: $? = 0
configure:14070: result: yes
configure:14075: checking if g++ supports -c -o file.o
configure:14122: result: yes
configure:14152: checking whether the g++ linker (/usr/bin/ld -m elf_x86_64) supports shared libraries
configure:14191: result: yes
configure:14332: checking dynamic linker characteristics
configure:15000: result: GNU/Linux ld.so
configure:15053: checking how to hardcode library paths into programs
configure:15078: result: immediate
configure:15164: checking whether GCC atomic builtins are available
configure:15172: result: yes
configure:15206: checking idna.h usability
configure:15206: gcc -c -g -O2  conftest.c >&5
conftest.c:57:18: fatal error: idna.h: No such file or directory
 #include <idna.h>
                  ^
compilation terminated.
configure:15206: $? = 1
configure: failed program was:
| /* confdefs.h */
| #define PACKAGE_NAME "gloox"
| #define PACKAGE_TARNAME "gloox"
| #define PACKAGE_VERSION "1.0.13"
| #define PACKAGE_STRING "gloox 1.0.13"
| #define PACKAGE_BUGREPORT "js@camaya.net"
| #define PACKAGE_URL ""
| #define PACKAGE "gloox"
| #define VERSION "1.0.13"
| #define STDC_HEADERS 1
| #define HAVE_SYS_TYPES_H 1
| #define HAVE_SYS_STAT_H 1
| #define HAVE_STDLIB_H 1
| #define HAVE_STRING_H 1
| #define HAVE_MEMORY_H 1
| #define HAVE_STRINGS_H 1
| #define HAVE_INTTYPES_H 1
| #define HAVE_STDINT_H 1
| #define HAVE_UNISTD_H 1
| #define HAVE_DLFCN_H 1
| #define LT_OBJDIR ".libs/"
| #define HAVE_GCC_ATOMIC_BUILTINS 1
| /* end confdefs.h.  */
| #include <stdio.h>
| #ifdef HAVE_SYS_TYPES_H
| # include <sys/types.h>
| #endif
| #ifdef HAVE_SYS_STAT_H
| # include <sys/stat.h>
| #endif
| #ifdef STDC_HEADERS
| # include <stdlib.h>
| # include <stddef.h>
| #else
| # ifdef HAVE_STDLIB_H
| #  include <stdlib.h>
| # endif
| #endif
| #ifdef HAVE_STRING_H
| # if !defined STDC_HEADERS && defined HAVE_MEMORY_H
| #  include <memory.h>
| # endif
| # include <string.h>
| #endif
| #ifdef HAVE_STRINGS_H
| # include <strings.h>
| #endif
| #ifdef HAVE_INTTYPES_H
| # include <inttypes.h>
| #endif
| #ifdef HAVE_STDINT_H
| # include <stdint.h>
| #endif
| #ifdef HAVE_UNISTD_H
| # include <unistd.h>
| #endif
| #include <idna.h>
configure:15206: result: no
configure:15206: checking idna.h presence
configure:15206: gcc -E  conftest.c
conftest.c:24:18: fatal error: idna.h: No such file or directory
 #include <idna.h>
                  ^
compilation terminated.
configure:15206: $? = 1
configure: failed program was:
| /* confdefs.h */
| #define PACKAGE_NAME "gloox"
| #define PACKAGE_TARNAME "gloox"
| #define PACKAGE_VERSION "1.0.13"
| #define PACKAGE_STRING "gloox 1.0.13"
| #define PACKAGE_BUGREPORT "js@camaya.net"
| #define PACKAGE_URL ""
| #define PACKAGE "gloox"
| #define VERSION "1.0.13"
| #define STDC_HEADERS 1
| #define HAVE_SYS_TYPES_H 1
| #define HAVE_SYS_STAT_H 1
| #define HAVE_STDLIB_H 1
| #define HAVE_STRING_H 1
| #define HAVE_MEMORY_H 1
| #define HAVE_STRINGS_H 1
| #define HAVE_INTTYPES_H 1
| #define HAVE_STDINT_H 1
| #define HAVE_UNISTD_H 1
| #define HAVE_DLFCN_H 1
| #define LT_OBJDIR ".libs/"
| #define HAVE_GCC_ATOMIC_BUILTINS 1
| /* end confdefs.h.  */
| #include <idna.h>
configure:15206: result: no
configure:15206: checking for idna.h
configure:15206: result: no
configure:15261: WARNING: Libidn not found
configure:15264: checking if Libidn should be used
configure:15266: result: no
configure:15369: checking for pkg-config
configure:15387: found /usr/bin/pkg-config
configure:15399: result: /usr/bin/pkg-config
configure:15424: checking pkg-config is at least version 0.9.0
configure:15427: result: yes
configure:15437: checking for GNUTLS
configure:15444: $PKG_CONFIG --exists --print-errors "gnutls >= 2.12"
Package gnutls was not found in the pkg-config search path.
Perhaps you should add the directory containing `gnutls.pc'
to the PKG_CONFIG_PATH environment variable
No package 'gnutls' found
configure:15447: $? = 1
configure:15461: $PKG_CONFIG --exists --print-errors "gnutls >= 2.12"
Package gnutls was not found in the pkg-config search path.
Perhaps you should add the directory containing `gnutls.pc'
to the PKG_CONFIG_PATH environment variable
No package 'gnutls' found
configure:15464: $? = 1
configure:15478: result: no
No package 'gnutls' found
configure:15517: WARNING: GnuTLS not found
configure:15521: checking if GnuTLS should be used
configure:15523: result: no
configure:15543: checking openssl/ssl.h usability
configure:15543: gcc -c -g -O2  conftest.c >&5
conftest.c:57:25: fatal error: openssl/ssl.h: No such file or directory
 #include <openssl/ssl.h>
                         ^
compilation terminated.
configure:15543: $? = 1
configure: failed program was:
| /* confdefs.h */
| #define PACKAGE_NAME "gloox"
| #define PACKAGE_TARNAME "gloox"
| #define PACKAGE_VERSION "1.0.13"
| #define PACKAGE_STRING "gloox 1.0.13"
| #define PACKAGE_BUGREPORT "js@camaya.net"
| #define PACKAGE_URL ""
| #define PACKAGE "gloox"
| #define VERSION "1.0.13"
| #define STDC_HEADERS 1
| #define HAVE_SYS_TYPES_H 1
| #define HAVE_SYS_STAT_H 1
| #define HAVE_STDLIB_H 1
| #define HAVE_STRING_H 1
| #define HAVE_MEMORY_H 1
| #define HAVE_STRINGS_H 1
| #define HAVE_INTTYPES_H 1
| #define HAVE_STDINT_H 1
| #define HAVE_UNISTD_H 1
| #define HAVE_DLFCN_H 1
| #define LT_OBJDIR ".libs/"
| #define HAVE_GCC_ATOMIC_BUILTINS 1
| /* end confdefs.h.  */
| #include <stdio.h>
| #ifdef HAVE_SYS_TYPES_H
| # include <sys/types.h>
| #endif
| #ifdef HAVE_SYS_STAT_H
| # include <sys/stat.h>
| #endif
| #ifdef STDC_HEADERS
| # include <stdlib.h>
| # include <stddef.h>
| #else
| # ifdef HAVE_STDLIB_H
| #  include <stdlib.h>
| # endif
| #endif
| #ifdef HAVE_STRING_H
| # if !defined STDC_HEADERS && defined HAVE_MEMORY_H
| #  include <memory.h>
| # endif
| # include <string.h>
| #endif
| #ifdef HAVE_STRINGS_H
| # include <strings.h>
| #endif
| #ifdef HAVE_INTTYPES_H
| # include <inttypes.h>
| #endif
| #ifdef HAVE_STDINT_H
| # include <stdint.h>
| #endif
| #ifdef HAVE_UNISTD_H
| # include <unistd.h>
| #endif
| #include <openssl/ssl.h>
configure:15543: result: no
configure:15543: checking openssl/ssl.h presence
configure:15543: gcc -E  conftest.c
conftest.c:24:25: fatal error: openssl/ssl.h: No such file or directory
 #include <openssl/ssl.h>
                         ^
compilation terminated.
configure:15543: $? = 1
configure: failed program was:
| /* confdefs.h */
| #define PACKAGE_NAME "gloox"
| #define PACKAGE_TARNAME "gloox"
| #define PACKAGE_VERSION "1.0.13"
| #define PACKAGE_STRING "gloox 1.0.13"
| #define PACKAGE_BUGREPORT "js@camaya.net"
| #define PACKAGE_URL ""
| #define PACKAGE "gloox"
| #define VERSION "1.0.13"
| #define STDC_HEADERS 1
| #define HAVE_SYS_TYPES_H 1
| #define HAVE_SYS_STAT_H 1
| #define HAVE_STDLIB_H 1
| #define HAVE_STRING_H 1
| #define HAVE_MEMORY_H 1
| #define HAVE_STRINGS_H 1
| #define HAVE_INTTYPES_H 1
| #define HAVE_STDINT_H 1
| #define HAVE_UNISTD_H 1
| #define HAVE_DLFCN_H 1
| #define LT_OBJDIR ".libs/"
| #define HAVE_GCC_ATOMIC_BUILTINS 1
| /* end confdefs.h.  */
| #include <openssl/ssl.h>
configure:15543: result: no
configure:15543: checking for openssl/ssl.h
configure:15543: result: no
configure:15598: WARNING: OpenSSL not found
configure:15601: checking if OpenSSL should be used
configure:15603: result: no
configure:15620: checking zlib.h usability
configure:15620: gcc -c -g -O2  conftest.c >&5
configure:15620: $? = 0
configure:15620: result: yes
configure:15620: checking zlib.h presence
configure:15620: gcc -E  conftest.c
configure:15620: $? = 0
configure:15620: result: yes
configure:15620: checking for zlib.h
configure:15620: result: yes
configure:15622: checking for zlibVersion in -lz
configure:15647: gcc -o conftest -g -O2   conftest.c -lz   >&5
configure:15647: $? = 0
configure:15656: result: yes
configure:15678: checking if Zlib should be used
configure:15680: result: yes
configure:15848: checking for the pthreads library -lpthreads
configure:15881: gcc -o conftest -g -O2    conftest.c -lpthreads  -lz >&5
conftest.c: In function 'main':
conftest.c:30:22: warning: null argument where non-null required (argument 1) [-Wnonnull]
                      pthread_attr_init(0); pthread_cleanup_push(0, 0);
                      ^
conftest.c:31:22: warning: null argument where non-null required (argument 1) [-Wnonnull]
                      pthread_create(0,0,0,0); pthread_cleanup_pop(0);
                      ^
conftest.c:31:22: warning: null argument where non-null required (argument 3) [-Wnonnull]
/usr/bin/ld: cannot find -lpthreads
collect2: error: ld returned 1 exit status
configure:15881: $? = 1
configure: failed program was:
| /* confdefs.h */
| #define PACKAGE_NAME "gloox"
| #define PACKAGE_TARNAME "gloox"
| #define PACKAGE_VERSION "1.0.13"
| #define PACKAGE_STRING "gloox 1.0.13"
| #define PACKAGE_BUGREPORT "js@camaya.net"
| #define PACKAGE_URL ""
| #define PACKAGE "gloox"
| #define VERSION "1.0.13"
| #define STDC_HEADERS 1
| #define HAVE_SYS_TYPES_H 1
| #define HAVE_SYS_STAT_H 1
| #define HAVE_STDLIB_H 1
| #define HAVE_STRING_H 1
| #define HAVE_MEMORY_H 1
| #define HAVE_STRINGS_H 1
| #define HAVE_INTTYPES_H 1
| #define HAVE_STDINT_H 1
| #define HAVE_UNISTD_H 1
| #define HAVE_DLFCN_H 1
| #define LT_OBJDIR ".libs/"
| #define HAVE_GCC_ATOMIC_BUILTINS 1
| #define HAVE_ZLIB 1
| /* end confdefs.h.  */
| #include <pthread.h>
| int
| main ()
| {
| pthread_t th; pthread_join(th, 0);
|                      pthread_attr_init(0); pthread_cleanup_push(0, 0);
|                      pthread_create(0,0,0,0); pthread_cleanup_pop(0);
|   ;
|   return 0;
| }
configure:15890: result: no
configure:15793: checking whether pthreads work without any flags
configure:15881: gcc -o conftest -g -O2    conftest.c   -lz >&5
conftest.c: In function 'main':
conftest.c:30:22: warning: null argument where non-null required (argument 1) [-Wnonnull]
                      pthread_attr_init(0); pthread_cleanup_push(0, 0);
                      ^
conftest.c:31:22: warning: null argument where non-null required (argument 1) [-Wnonnull]
                      pthread_create(0,0,0,0); pthread_cleanup_pop(0);
                      ^
conftest.c:31:22: warning: null argument where non-null required (argument 3) [-Wnonnull]
/tmp/cczX3ejH.o: In function `main':
/home/benjamintrapani/Dropbox/Work/Programming/Linux/OTPEncryptionSystem/OTPEncryptor/Deps/gloox/gloox-1.0.13/conftest.c:29: undefined reference to `pthread_join'
/home/benjamintrapani/Dropbox/Work/Programming/Linux/OTPEncryptionSystem/OTPEncryptor/Deps/gloox/gloox-1.0.13/conftest.c:30: undefined reference to `__pthread_register_cancel'
/home/benjamintrapani/Dropbox/Work/Programming/Linux/OTPEncryptionSystem/OTPEncryptor/Deps/gloox/gloox-1.0.13/conftest.c:31: undefined reference to `pthread_create'
/home/benjamintrapani/Dropbox/Work/Programming/Linux/OTPEncryptionSystem/OTPEncryptor/Deps/gloox/gloox-1.0.13/conftest.c:31: undefined reference to `__pthread_unregister_cancel'
collect2: error: ld returned 1 exit status
configure:15881: $? = 1
configure: failed program was:
| /* confdefs.h */
| #define PACKAGE_NAME "gloox"
| #define PACKAGE_TARNAME "gloox"
| #define PACKAGE_VERSION "1.0.13"
| #define PACKAGE_STRING "gloox 1.0.13"
| #define PACKAGE_BUGREPORT "js@camaya.net"
| #define PACKAGE_URL ""
| #define PACKAGE "gloox"
| #define VERSION "1.0.13"
| #define STDC_HEADERS 1
| #define HAVE_SYS_TYPES_H 1
| #define HAVE_SYS_STAT_H 1
| #define HAVE_STDLIB_H 1
| #define HAVE_STRING_H 1
| #define HAVE_MEMORY_H 1
| #define HAVE_STRINGS_H 1
| #define HAVE_INTTYPES_H 1
| #define HAVE_STDINT_H 1
| #define HAVE_UNISTD_H 1
| #define HAVE_DLFCN_H 1
| #define LT_OBJDIR ".libs/"
| #define HAVE_GCC_ATOMIC_BUILTINS 1
| #define HAVE_ZLIB 1
| /* end confdefs.h.  */
| #include <pthread.h>
| int
| main ()
| {
| pthread_t th; pthread_join(th, 0);
|                      pthread_attr_init(0); pthread_cleanup_push(0, 0);
|                      pthread_create(0,0,0,0); pthread_cleanup_pop(0);
|   ;
|   return 0;
| }
configure:15890: result: no
configure:15798: checking whether pthreads work with -Kthread
configure:15881: gcc -o conftest -g -O2 -Kthread   conftest.c   -lz >&5
gcc: error: unrecognized command line option '-Kthread'
configure:15881: $? = 1
configure: failed program was:
| /* confdefs.h */
| #define PACKAGE_NAME "gloox"
| #define PACKAGE_TARNAME "gloox"
| #define PACKAGE_VERSION "1.0.13"
| #define PACKAGE_STRING "gloox 1.0.13"
| #define PACKAGE_BUGREPORT "js@camaya.net"
| #define PACKAGE_URL ""
| #define PACKAGE "gloox"
| #define VERSION "1.0.13"
| #define STDC_HEADERS 1
| #define HAVE_SYS_TYPES_H 1
| #define HAVE_SYS_STAT_H 1
| #define HAVE_STDLIB_H 1
| #define HAVE_STRING_H 1
| #define HAVE_MEMORY_H 1
| #define HAVE_STRINGS_H 1
| #define HAVE_INTTYPES_H 1
| #define HAVE_STDINT_H 1
| #define HAVE_UNISTD_H 1
| #define HAVE_DLFCN_H 1
| #define LT_OBJDIR ".libs/"
| #define HAVE_GCC_ATOMIC_BUILTINS 1
| #define HAVE_ZLIB 1
| /* end confdefs.h.  */
| #include <pthread.h>
| int
| main ()
| {
| pthread_t th; pthread_join(th, 0);
|                      pthread_attr_init(0); pthread_cleanup_push(0, 0);
|                      pthread_create(0,0,0,0); pthread_cleanup_pop(0);
|   ;
|   return 0;
| }
configure:15890: result: no
configure:15798: checking whether pthreads work with -kthread
configure:15881: gcc -o conftest -g -O2 -kthread   conftest.c   -lz >&5
gcc: error: unrecognized command line option '-kthread'
configure:15881: $? = 1
configure: failed program was:
| /* confdefs.h */
| #define PACKAGE_NAME "gloox"
| #define PACKAGE_TARNAME "gloox"
| #define PACKAGE_VERSION "1.0.13"
| #define PACKAGE_STRING "gloox 1.0.13"
| #define PACKAGE_BUGREPORT "js@camaya.net"
| #define PACKAGE_URL ""
| #define PACKAGE "gloox"
| #define VERSION "1.0.13"
| #define STDC_HEADERS 1
| #define HAVE_SYS_TYPES_H 1
| #define HAVE_SYS_STAT_H 1
| #define HAVE_STDLIB_H 1
| #define HAVE_STRING_H 1
| #define HAVE_MEMORY_H 1
| #define HAVE_STRINGS_H 1
| #define HAVE_INTTYPES_H 1
| #define HAVE_STDINT_H 1
| #define HAVE_UNISTD_H 1
| #define HAVE_DLFCN_H 1
| #define LT_OBJDIR ".libs/"
| #define HAVE_GCC_ATOMIC_BUILTINS 1
| #define HAVE_ZLIB 1
| /* end confdefs.h.  */
| #include <pthread.h>
| int
| main ()
| {
| pthread_t th; pthread_join(th, 0);
|                      pthread_attr_init(0); pthread_cleanup_push(0, 0);
|                      pthread_create(0,0,0,0); pthread_cleanup_pop(0);
|   ;
|   return 0;
| }
configure:15890: result: no
configure:15848: checking for the pthreads library -llthread
configure:15881: gcc -o conftest -g -O2    conftest.c -llthread  -lz >&5
conftest.c: In function 'main':
conftest.c:30:22: warning: null argument where non-null required (argument 1) [-Wnonnull]
                      pthread_attr_init(0); pthread_cleanup_push(0, 0);
                      ^
conftest.c:31:22: warning: null argument where non-null required (argument 1) [-Wnonnull]
                      pthread_create(0,0,0,0); pthread_cleanup_pop(0);
                      ^
conftest.c:31:22: warning: null argument where non-null required (argument 3) [-Wnonnull]
/usr/bin/ld: cannot find -llthread
collect2: error: ld returned 1 exit status
configure:15881: $? = 1
configure: failed program was:
| /* confdefs.h */
| #define PACKAGE_NAME "gloox"
| #define PACKAGE_TARNAME "gloox"
| #define PACKAGE_VERSION "1.0.13"
| #define PACKAGE_STRING "gloox 1.0.13"
| #define PACKAGE_BUGREPORT "js@camaya.net"
| #define PACKAGE_URL ""
| #define PACKAGE "gloox"
| #define VERSION "1.0.13"
| #define STDC_HEADERS 1
| #define HAVE_SYS_TYPES_H 1
| #define HAVE_SYS_STAT_H 1
| #define HAVE_STDLIB_H 1
| #define HAVE_STRING_H 1
| #define HAVE_MEMORY_H 1
| #define HAVE_STRINGS_H 1
| #define HAVE_INTTYPES_H 1
| #define HAVE_STDINT_H 1
| #define HAVE_UNISTD_H 1
| #define HAVE_DLFCN_H 1
| #define LT_OBJDIR ".libs/"
| #define HAVE_GCC_ATOMIC_BUILTINS 1
| #define HAVE_ZLIB 1
| /* end confdefs.h.  */
| #include <pthread.h>
| int
| main ()
| {
| pthread_t th; pthread_join(th, 0);
|                      pthread_attr_init(0); pthread_cleanup_push(0, 0);
|                      pthread_create(0,0,0,0); pthread_cleanup_pop(0);
|   ;
|   return 0;
| }
configure:15890: result: no
configure:15798: checking whether pthreads work with -pthread
configure:15881: gcc -o conftest -g -O2 -pthread   conftest.c   -lz >&5
conftest.c: In function 'main':
conftest.c:30:22: warning: null argument where non-null required (argument 1) [-Wnonnull]
                      pthread_attr_init(0); pthread_cleanup_push(0, 0);
                      ^
conftest.c:31:22: warning: null argument where non-null required (argument 1) [-Wnonnull]
                      pthread_create(0,0,0,0); pthread_cleanup_pop(0);
                      ^
conftest.c:31:22: warning: null argument where non-null required (argument 3) [-Wnonnull]
configure:15881: $? = 0
configure:15890: result: yes
configure:15909: checking for joinable pthread attribute
configure:15924: gcc -o conftest -g -O2 -pthread   conftest.c   -lz >&5
configure:15924: $? = 0
configure:15930: result: PTHREAD_CREATE_JOINABLE
configure:15940: checking if more special flags are required for pthreads
configure:15947: result: no
configure:16035: checking for res_querydomain
configure:16035: gcc -o conftest -g -O2  -pthread  -pthread conftest.c   -lz >&5
/tmp/ccYWy54S.o: In function `main':
/home/benjamintrapani/Dropbox/Work/Programming/Linux/OTPEncryptionSystem/OTPEncryptor/Deps/gloox/gloox-1.0.13/conftest.c:60: undefined reference to `res_querydomain'
collect2: error: ld returned 1 exit status
configure:16035: $? = 1
configure: failed program was:
| /* confdefs.h */
| #define PACKAGE_NAME "gloox"
| #define PACKAGE_TARNAME "gloox"
| #define PACKAGE_VERSION "1.0.13"
| #define PACKAGE_STRING "gloox 1.0.13"
| #define PACKAGE_BUGREPORT "js@camaya.net"
| #define PACKAGE_URL ""
| #define PACKAGE "gloox"
| #define VERSION "1.0.13"
| #define STDC_HEADERS 1
| #define HAVE_SYS_TYPES_H 1
| #define HAVE_SYS_STAT_H 1
| #define HAVE_STDLIB_H 1
| #define HAVE_STRING_H 1
| #define HAVE_MEMORY_H 1
| #define HAVE_STRINGS_H 1
| #define HAVE_INTTYPES_H 1
| #define HAVE_STDINT_H 1
| #define HAVE_UNISTD_H 1
| #define HAVE_DLFCN_H 1
| #define LT_OBJDIR ".libs/"
| #define HAVE_GCC_ATOMIC_BUILTINS 1
| #define HAVE_ZLIB 1
| #define HAVE_PTHREAD 1
| /* end confdefs.h.  */
| /* Define res_querydomain to an innocuous variant, in case <limits.h> declares res_querydomain.
|    For example, HP-UX 11i <limits.h> declares gettimeofday.  */
| #define res_querydomain innocuous_res_querydomain
| 
| /* System header to define __stub macros and hopefully few prototypes,
|     which can conflict with char res_querydomain (); below.
|     Prefer <limits.h> to <assert.h> if __STDC__ is defined, since
|     <limits.h> exists even on freestanding compilers.  */
| 
| #ifdef __STDC__
| # include <limits.h>
| #else
| # include <assert.h>
| #endif
| 
| #undef res_querydomain
| 
| /* Override any GCC internal prototype to avoid an error.
|    Use char because int might match the return type of a GCC
|    builtin and then its argument prototype would still apply.  */
| #ifdef __cplusplus
| extern "C"
| #endif
| char res_querydomain ();
| /* The GNU C library defines this for functions which it implements
|     to always fail with ENOSYS.  Some functions are actually named
|     something starting with __ and the normal name is an alias.  */
| #if defined __stub_res_querydomain || defined __stub___res_querydomain
| choke me
| #endif
| 
| int
| main ()
| {
| return res_querydomain ();
|   ;
|   return 0;
| }
configure:16035: result: no
configure:16047: checking for res_querydomain in -lresolv
configure:16072: gcc -o conftest -g -O2  -pthread  -pthread conftest.c -lresolv    -lz >&5
/tmp/ccqk3ozW.o: In function `main':
/home/benjamintrapani/Dropbox/Work/Programming/Linux/OTPEncryptionSystem/OTPEncryptor/Deps/gloox/gloox-1.0.13/conftest.c:37: undefined reference to `res_querydomain'
collect2: error: ld returned 1 exit status
configure:16072: $? = 1
configure: failed program was:
| /* confdefs.h */
| #define PACKAGE_NAME "gloox"
| #define PACKAGE_TARNAME "gloox"
| #define PACKAGE_VERSION "1.0.13"
| #define PACKAGE_STRING "gloox 1.0.13"
| #define PACKAGE_BUGREPORT "js@camaya.net"
| #define PACKAGE_URL ""
| #define PACKAGE "gloox"
| #define VERSION "1.0.13"
| #define STDC_HEADERS 1
| #define HAVE_SYS_TYPES_H 1
| #define HAVE_SYS_STAT_H 1
| #define HAVE_STDLIB_H 1
| #define HAVE_STRING_H 1
| #define HAVE_MEMORY_H 1
| #define HAVE_STRINGS_H 1
| #define HAVE_INTTYPES_H 1
| #define HAVE_STDINT_H 1
| #define HAVE_UNISTD_H 1
| #define HAVE_DLFCN_H 1
| #define LT_OBJDIR ".libs/"
| #define HAVE_GCC_ATOMIC_BUILTINS 1
| #define HAVE_ZLIB 1
| #define HAVE_PTHREAD 1
| /* end confdefs.h.  */
| 
| /* Override any GCC internal prototype to avoid an error.
|    Use char because int might match the return type of a GCC
|    builtin and then its argument prototype would still apply.  */
| #ifdef __cplusplus
| extern "C"
| #endif
| char res_querydomain ();
| int
| main ()
| {
| return res_querydomain ();
|   ;
|   return 0;
| }
configure:16081: result: no
configure:16097: checking for res_querydomain in -lbind
configure:16122: gcc -o conftest -g -O2  -pthread  -pthread conftest.c -lbind    -lz >&5
/usr/bin/ld: cannot find -lbind
collect2: error: ld returned 1 exit status
configure:16122: $? = 1
configure: failed program was:
| /* confdefs.h */
| #define PACKAGE_NAME "gloox"
| #define PACKAGE_TARNAME "gloox"
| #define PACKAGE_VERSION "1.0.13"
| #define PACKAGE_STRING "gloox 1.0.13"
| #define PACKAGE_BUGREPORT "js@camaya.net"
| #define PACKAGE_URL ""
| #define PACKAGE "gloox"
| #define VERSION "1.0.13"
| #define STDC_HEADERS 1
| #define HAVE_SYS_TYPES_H 1
| #define HAVE_SYS_STAT_H 1
| #define HAVE_STDLIB_H 1
| #define HAVE_STRING_H 1
| #define HAVE_MEMORY_H 1
| #define HAVE_STRINGS_H 1
| #define HAVE_INTTYPES_H 1
| #define HAVE_STDINT_H 1
| #define HAVE_UNISTD_H 1
| #define HAVE_DLFCN_H 1
| #define LT_OBJDIR ".libs/"
| #define HAVE_GCC_ATOMIC_BUILTINS 1
| #define HAVE_ZLIB 1
| #define HAVE_PTHREAD 1
| /* end confdefs.h.  */
| 
| /* Override any GCC internal prototype to avoid an error.
|    Use char because int might match the return type of a GCC
|    builtin and then its argument prototype would still apply.  */
| #ifdef __cplusplus
| extern "C"
| #endif
| char res_querydomain ();
| int
| main ()
| {
| return res_querydomain ();
|   ;
|   return 0;
| }
configure:16131: result: no
configure:16147: checking for res_querydomain in -lresolv (alternate version)
configure:16162: gcc -o conftest -g -O2  -pthread  -pthread conftest.c -lresolv   -lz >&5
configure:16162: $? = 0
configure:16163: result: yes
configure:16181: checking for dn_skipname
configure:16181: gcc -o conftest -g -O2  -pthread  -pthread conftest.c -lresolv   -lz >&5
/tmp/cc2GbEG6.o: In function `main':
/home/benjamintrapani/Dropbox/Work/Programming/Linux/OTPEncryptionSystem/OTPEncryptor/Deps/gloox/gloox-1.0.13/conftest.c:61: undefined reference to `dn_skipname'
collect2: error: ld returned 1 exit status
configure:16181: $? = 1
configure: failed program was:
| /* confdefs.h */
| #define PACKAGE_NAME "gloox"
| #define PACKAGE_TARNAME "gloox"
| #define PACKAGE_VERSION "1.0.13"
| #define PACKAGE_STRING "gloox 1.0.13"
| #define PACKAGE_BUGREPORT "js@camaya.net"
| #define PACKAGE_URL ""
| #define PACKAGE "gloox"
| #define VERSION "1.0.13"
| #define STDC_HEADERS 1
| #define HAVE_SYS_TYPES_H 1
| #define HAVE_SYS_STAT_H 1
| #define HAVE_STDLIB_H 1
| #define HAVE_STRING_H 1
| #define HAVE_MEMORY_H 1
| #define HAVE_STRINGS_H 1
| #define HAVE_INTTYPES_H 1
| #define HAVE_STDINT_H 1
| #define HAVE_UNISTD_H 1
| #define HAVE_DLFCN_H 1
| #define LT_OBJDIR ".libs/"
| #define HAVE_GCC_ATOMIC_BUILTINS 1
| #define HAVE_ZLIB 1
| #define HAVE_PTHREAD 1
| #define HAVE_RES_QUERYDOMAIN 1
| /* end confdefs.h.  */
| /* Define dn_skipname to an innocuous variant, in case <limits.h> declares dn_skipname.
|    For example, HP-UX 11i <limits.h> declares gettimeofday.  */
| #define dn_skipname innocuous_dn_skipname
| 
| /* System header to define __stub macros and hopefully few prototypes,
|     which can conflict with char dn_skipname (); below.
|     Prefer <limits.h> to <assert.h> if __STDC__ is defined, since
|     <limits.h> exists even on freestanding compilers.  */
| 
| #ifdef __STDC__
| # include <limits.h>
| #else
| # include <assert.h>
| #endif
| 
| #undef dn_skipname
| 
| /* Override any GCC internal prototype to avoid an error.
|    Use char because int might match the return type of a GCC
|    builtin and then its argument prototype would still apply.  */
| #ifdef __cplusplus
| extern "C"
| #endif
| char dn_skipname ();
| /* The GNU C library defines this for functions which it implements
|     to always fail with ENOSYS.  Some functions are actually named
|     something starting with __ and the normal name is an alias.  */
| #if defined __stub_dn_skipname || defined __stub___dn_skipname
| choke me
| #endif
| 
| int
| main ()
| {
| return dn_skipname ();
|   ;
|   return 0;
| }
configure:16181: result: no
configure:16193: checking for dn_skipname in -lresolv
configure:16218: gcc -o conftest -g -O2  -pthread  -pthread conftest.c -lresolv  -lresolv   -lz >&5
/tmp/ccSYgi4b.o: In function `main':
/home/benjamintrapani/Dropbox/Work/Programming/Linux/OTPEncryptionSystem/OTPEncryptor/Deps/gloox/gloox-1.0.13/conftest.c:38: undefined reference to `dn_skipname'
collect2: error: ld returned 1 exit status
configure:16218: $? = 1
configure: failed program was:
| /* confdefs.h */
| #define PACKAGE_NAME "gloox"
| #define PACKAGE_TARNAME "gloox"
| #define PACKAGE_VERSION "1.0.13"
| #define PACKAGE_STRING "gloox 1.0.13"
| #define PACKAGE_BUGREPORT "js@camaya.net"
| #define PACKAGE_URL ""
| #define PACKAGE "gloox"
| #define VERSION "1.0.13"
| #define STDC_HEADERS 1
| #define HAVE_SYS_TYPES_H 1
| #define HAVE_SYS_STAT_H 1
| #define HAVE_STDLIB_H 1
| #define HAVE_STRING_H 1
| #define HAVE_MEMORY_H 1
| #define HAVE_STRINGS_H 1
| #define HAVE_INTTYPES_H 1
| #define HAVE_STDINT_H 1
| #define HAVE_UNISTD_H 1
| #define HAVE_DLFCN_H 1
| #define LT_OBJDIR ".libs/"
| #define HAVE_GCC_ATOMIC_BUILTINS 1
| #define HAVE_ZLIB 1
| #define HAVE_PTHREAD 1
| #define HAVE_RES_QUERYDOMAIN 1
| /* end confdefs.h.  */
| 
| /* Override any GCC internal prototype to avoid an error.
|    Use char because int might match the return type of a GCC
|    builtin and then its argument prototype would still apply.  */
| #ifdef __cplusplus
| extern "C"
| #endif
| char dn_skipname ();
| int
| main ()
| {
| return dn_skipname ();
|   ;
|   return 0;
| }
configure:16227: result: no
configure:16243: checking for dn_skipname in -lbind
configure:16268: gcc -o conftest -g -O2  -pthread  -pthread conftest.c -lbind  -lresolv   -lz >&5
/usr/bin/ld: cannot find -lbind
collect2: error: ld returned 1 exit status
configure:16268: $? = 1
configure: failed program was:
| /* confdefs.h */
| #define PACKAGE_NAME "gloox"
| #define PACKAGE_TARNAME "gloox"
| #define PACKAGE_VERSION "1.0.13"
| #define PACKAGE_STRING "gloox 1.0.13"
| #define PACKAGE_BUGREPORT "js@camaya.net"
| #define PACKAGE_URL ""
| #define PACKAGE "gloox"
| #define VERSION "1.0.13"
| #define STDC_HEADERS 1
| #define HAVE_SYS_TYPES_H 1
| #define HAVE_SYS_STAT_H 1
| #define HAVE_STDLIB_H 1
| #define HAVE_STRING_H 1
| #define HAVE_MEMORY_H 1
| #define HAVE_STRINGS_H 1
| #define HAVE_INTTYPES_H 1
| #define HAVE_STDINT_H 1
| #define HAVE_UNISTD_H 1
| #define HAVE_DLFCN_H 1
| #define LT_OBJDIR ".libs/"
| #define HAVE_GCC_ATOMIC_BUILTINS 1
| #define HAVE_ZLIB 1
| #define HAVE_PTHREAD 1
| #define HAVE_RES_QUERYDOMAIN 1
| /* end confdefs.h.  */
| 
| /* Override any GCC internal prototype to avoid an error.
|    Use char because int might match the return type of a GCC
|    builtin and then its argument prototype would still apply.  */
| #ifdef __cplusplus
| extern "C"
| #endif
| char dn_skipname ();
| int
| main ()
| {
| return dn_skipname ();
|   ;
|   return 0;
| }
configure:16277: result: no
configure:16293: checking for dn_skipname in -lresolv (alternate version)
configure:16309: gcc -o conftest -g -O2  -pthread  -pthread conftest.c -lresolv -lresolv   -lz >&5
configure:16309: $? = 0
configure:16310: result: yes
configure:16328: checking for res_query
configure:16328: gcc -o conftest -g -O2  -pthread  -pthread conftest.c -lresolv -lresolv   -lz >&5
/tmp/ccz0ejvj.o: In function `main':
/home/benjamintrapani/Dropbox/Work/Programming/Linux/OTPEncryptionSystem/OTPEncryptor/Deps/gloox/gloox-1.0.13/conftest.c:62: undefined reference to `res_query'
collect2: error: ld returned 1 exit status
configure:16328: $? = 1
configure: failed program was:
| /* confdefs.h */
| #define PACKAGE_NAME "gloox"
| #define PACKAGE_TARNAME "gloox"
| #define PACKAGE_VERSION "1.0.13"
| #define PACKAGE_STRING "gloox 1.0.13"
| #define PACKAGE_BUGREPORT "js@camaya.net"
| #define PACKAGE_URL ""
| #define PACKAGE "gloox"
| #define VERSION "1.0.13"
| #define STDC_HEADERS 1
| #define HAVE_SYS_TYPES_H 1
| #define HAVE_SYS_STAT_H 1
| #define HAVE_STDLIB_H 1
| #define HAVE_STRING_H 1
| #define HAVE_MEMORY_H 1
| #define HAVE_STRINGS_H 1
| #define HAVE_INTTYPES_H 1
| #define HAVE_STDINT_H 1
| #define HAVE_UNISTD_H 1
| #define HAVE_DLFCN_H 1
| #define LT_OBJDIR ".libs/"
| #define HAVE_GCC_ATOMIC_BUILTINS 1
| #define HAVE_ZLIB 1
| #define HAVE_PTHREAD 1
| #define HAVE_RES_QUERYDOMAIN 1
| #define HAVE_DN_SKIPNAME 1
| /* end confdefs.h.  */
| /* Define res_query to an innocuous variant, in case <limits.h> declares res_query.
|    For example, HP-UX 11i <limits.h> declares gettimeofday.  */
| #define res_query innocuous_res_query
| 
| /* System header to define __stub macros and hopefully few prototypes,
|     which can conflict with char res_query (); below.
|     Prefer <limits.h> to <assert.h> if __STDC__ is defined, since
|     <limits.h> exists even on freestanding compilers.  */
| 
| #ifdef __STDC__
| # include <limits.h>
| #else
| # include <assert.h>
| #endif
| 
| #undef res_query
| 
| /* Override any GCC internal prototype to avoid an error.
|    Use char because int might match the return type of a GCC
|    builtin and then its argument prototype would still apply.  */
| #ifdef __cplusplus
| extern "C"
| #endif
| char res_query ();
| /* The GNU C library defines this for functions which it implements
|     to always fail with ENOSYS.  Some functions are actually named
|     something starting with __ and the normal name is an alias.  */
| #if defined __stub_res_query || defined __stub___res_query
| choke me
| #endif
| 
| int
| main ()
| {
| return res_query ();
|   ;
|   return 0;
| }
configure:16328: result: no
configure:16340: checking for res_query in -lresolv
configure:16365: gcc -o conftest -g -O2  -pthread  -pthread conftest.c -lresolv  -lresolv -lresolv   -lz >&5
/tmp/cc08X89n.o: In function `main':
/home/benjamintrapani/Dropbox/Work/Programming/Linux/OTPEncryptionSystem/OTPEncryptor/Deps/gloox/gloox-1.0.13/conftest.c:39: undefined reference to `res_query'
collect2: error: ld returned 1 exit status
configure:16365: $? = 1
configure: failed program was:
| /* confdefs.h */
| #define PACKAGE_NAME "gloox"
| #define PACKAGE_TARNAME "gloox"
| #define PACKAGE_VERSION "1.0.13"
| #define PACKAGE_STRING "gloox 1.0.13"
| #define PACKAGE_BUGREPORT "js@camaya.net"
| #define PACKAGE_URL ""
| #define PACKAGE "gloox"
| #define VERSION "1.0.13"
| #define STDC_HEADERS 1
| #define HAVE_SYS_TYPES_H 1
| #define HAVE_SYS_STAT_H 1
| #define HAVE_STDLIB_H 1
| #define HAVE_STRING_H 1
| #define HAVE_MEMORY_H 1
| #define HAVE_STRINGS_H 1
| #define HAVE_INTTYPES_H 1
| #define HAVE_STDINT_H 1
| #define HAVE_UNISTD_H 1
| #define HAVE_DLFCN_H 1
| #define LT_OBJDIR ".libs/"
| #define HAVE_GCC_ATOMIC_BUILTINS 1
| #define HAVE_ZLIB 1
| #define HAVE_PTHREAD 1
| #define HAVE_RES_QUERYDOMAIN 1
| #define HAVE_DN_SKIPNAME 1
| /* end confdefs.h.  */
| 
| /* Override any GCC internal prototype to avoid an error.
|    Use char because int might match the return type of a GCC
|    builtin and then its argument prototype would still apply.  */
| #ifdef __cplusplus
| extern "C"
| #endif
| char res_query ();
| int
| main ()
| {
| return res_query ();
|   ;
|   return 0;
| }
configure:16374: result: no
configure:16390: checking for res_query in -lbind
configure:16415: gcc -o conftest -g -O2  -pthread  -pthread conftest.c -lbind  -lresolv -lresolv   -lz >&5
/usr/bin/ld: cannot find -lbind
collect2: error: ld returned 1 exit status
configure:16415: $? = 1
configure: failed program was:
| /* confdefs.h */
| #define PACKAGE_NAME "gloox"
| #define PACKAGE_TARNAME "gloox"
| #define PACKAGE_VERSION "1.0.13"
| #define PACKAGE_STRING "gloox 1.0.13"
| #define PACKAGE_BUGREPORT "js@camaya.net"
| #define PACKAGE_URL ""
| #define PACKAGE "gloox"
| #define VERSION "1.0.13"
| #define STDC_HEADERS 1
| #define HAVE_SYS_TYPES_H 1
| #define HAVE_SYS_STAT_H 1
| #define HAVE_STDLIB_H 1
| #define HAVE_STRING_H 1
| #define HAVE_MEMORY_H 1
| #define HAVE_STRINGS_H 1
| #define HAVE_INTTYPES_H 1
| #define HAVE_STDINT_H 1
| #define HAVE_UNISTD_H 1
| #define HAVE_DLFCN_H 1
| #define LT_OBJDIR ".libs/"
| #define HAVE_GCC_ATOMIC_BUILTINS 1
| #define HAVE_ZLIB 1
| #define HAVE_PTHREAD 1
| #define HAVE_RES_QUERYDOMAIN 1
| #define HAVE_DN_SKIPNAME 1
| /* end confdefs.h.  */
| 
| /* Override any GCC internal prototype to avoid an error.
|    Use char because int might match the return type of a GCC
|    builtin and then its argument prototype would still apply.  */
| #ifdef __cplusplus
| extern "C"
| #endif
| char res_query ();
| int
| main ()
| {
| return res_query ();
|   ;
|   return 0;
| }
configure:16424: result: no
configure:16440: checking for res_query in -lresolv (alternate version)
configure:16455: gcc -o conftest -g -O2  -pthread  -pthread conftest.c -lresolv -lresolv -lresolv   -lz >&5
configure:16455: $? = 0
configure:16456: result: yes
configure:16492: checking whether to enable debug
configure:16494: result: no
configure:16518: checking whether to use getaddrinfo
configure:16520: result: no
configure:16523: checking for ANSI C header files
configure:16627: result: yes
configure:16638: checking for unistd.h
configure:16638: result: yes
configure:16638: checking for strings.h
configure:16638: result: yes
configure:16638: checking errno.h usability
configure:16638: gcc -c -g -O2  -pthread conftest.c >&5
configure:16638: $? = 0
configure:16638: result: yes
configure:16638: checking errno.h presence
configure:16638: gcc -E  -pthread conftest.c
configure:16638: $? = 0
configure:16638: result: yes
configure:16638: checking for errno.h
configure:16638: result: yes
configure:16638: checking arpa/nameser.h usability
configure:16638: gcc -c -g -O2  -pthread conftest.c >&5
configure:16638: $? = 0
configure:16638: result: yes
configure:16638: checking arpa/nameser.h presence
configure:16638: gcc -E  -pthread conftest.c
configure:16638: $? = 0
configure:16638: result: yes
configure:16638: checking for arpa/nameser.h
configure:16638: result: yes
configure:16650: checking for setsockopt
configure:16650: gcc -o conftest -g -O2  -pthread  -pthread conftest.c -lresolv -lresolv -lresolv   -lz >&5
configure:16650: $? = 0
configure:16650: result: yes
configure:16706: checking for an ANSI C-conforming const
configure:16772: gcc -c -g -O2  -pthread conftest.c >&5
configure:16772: $? = 0
configure:16779: result: yes
configure:16787: checking for inline
configure:16803: gcc -c -g -O2  -pthread conftest.c >&5
configure:16803: $? = 0
configure:16811: result: inline
configure:16894: checking if mDNS support should be built
configure:16896: result: no
configure:16908: checking if unit tests should be built
configure:16910: result: yes
configure:16930: checking if example programs should be built
configure:16932: result: yes
configure:17080: creating ./config.status

## ---------------------- ##
## Running config.status. ##
## ---------------------- ##

This file was extended by gloox config.status 1.0.13, which was
generated by GNU Autoconf 2.69.  Invocation command line was

  CONFIG_FILES    = 
  CONFIG_HEADERS  = 
  CONFIG_LINKS    = 
  CONFIG_COMMANDS = 
  $ ./config.status 

on benjamintrapani-To-be-filled-by-O-E-M

config.status:1249: creating Makefile
config.status:1249: creating gloox.pc
config.status:1249: creating gloox-config
config.status:1249: creating src/Makefile
config.status:1249: creating src/examples/Makefile
config.status:1249: creating src/tests/Makefile
config.status:1249: creating src/tests/adhoc/Makefile
config.status:1249: creating src/tests/adhoccommand/Makefile
config.status:1249: creating src/tests/adhoccommandnote/Makefile
config.status:1249: creating src/tests/amprule/Makefile
config.status:1249: creating src/tests/amp/Makefile
config.status:1249: creating src/tests/base64/Makefile
config.status:1249: creating src/tests/capabilities/Makefile
config.status:1249: creating src/tests/carbons/Makefile
config.status:1249: creating src/tests/chatstatefilter/Makefile
config.status:1249: creating src/tests/client/Makefile
config.status:1249: creating src/tests/clientbase/Makefile
config.status:1249: creating src/tests/connectionbosh/Makefile
config.status:1249: creating src/tests/dataform/Makefile
config.status:1249: creating src/tests/dataformfield/Makefile
config.status:1249: creating src/tests/dataformitem/Makefile
config.status:1249: creating src/tests/dataformreported/Makefile
config.status:1249: creating src/tests/delayeddelivery/Makefile
config.status:1249: creating src/tests/discoinfo/Makefile
config.status:1249: creating src/tests/discoitems/Makefile
config.status:1249: creating src/tests/disco/Makefile
config.status:1249: creating src/tests/error/Makefile
config.status:1249: creating src/tests/featureneg/Makefile
config.status:1249: creating src/tests/flexofflineoffline/Makefile
config.status:1249: creating src/tests/flexoffline/Makefile
config.status:1249: creating src/tests/forward/Makefile
config.status:1249: creating src/tests/gpgencrypted/Makefile
config.status:1249: creating src/tests/gpgsigned/Makefile
config.status:1249: creating src/tests/inbandbytestreamibb/Makefile
config.status:1249: creating src/tests/inbandbytestream/Makefile
config.status:1249: creating src/tests/iodata/Makefile
config.status:1249: creating src/tests/iq/Makefile
config.status:1249: creating src/tests/jid/Makefile
config.status:1249: creating src/tests/jingleiceudp/Makefile
config.status:1249: creating src/tests/jinglesession/Makefile
config.status:1249: creating src/tests/jinglesessionjingle/Makefile
config.status:1249: creating src/tests/jinglesessionmanager/Makefile
config.status:1249: creating src/tests/lastactivityquery/Makefile
config.status:1249: creating src/tests/lastactivity/Makefile
config.status:1249: creating src/tests/md5/Makefile
config.status:1249: creating src/tests/message/Makefile
config.status:1249: creating src/tests/messageeventfilter/Makefile
config.status:1249: creating src/tests/mucroommuc/Makefile
config.status:1249: creating src/tests/mucroommucadmin/Makefile
config.status:1249: creating src/tests/mucroommucowner/Makefile
config.status:1249: creating src/tests/mucroommucuser/Makefile
config.status:1249: creating src/tests/nickname/Makefile
config.status:1249: creating src/tests/nonsaslauthquery/Makefile
config.status:1249: creating src/tests/nonsaslauth/Makefile
config.status:1249: creating src/tests/oob/Makefile
config.status:1249: creating src/tests/parser/Makefile
config.status:1249: creating src/tests/prep/Makefile
config.status:1249: creating src/tests/presence/Makefile
config.status:1249: creating src/tests/privacymanagerquery/Makefile
config.status:1249: creating src/tests/privacymanager/Makefile
config.status:1249: creating src/tests/privatexml/Makefile
config.status:1249: creating src/tests/pubsubmanagerpubsub/Makefile
config.status:1249: creating src/tests/pubsubmanager/Makefile
config.status:1249: creating src/tests/pubsubevent/Makefile
config.status:1249: creating src/tests/receipt/Makefile
config.status:1249: creating src/tests/registrationquery/Makefile
config.status:1249: creating src/tests/registration/Makefile
config.status:1249: creating src/tests/rostermanagerquery/Makefile
config.status:1249: creating src/tests/rostermanager/Makefile
config.status:1249: creating src/tests/searchquery/Makefile
config.status:1249: creating src/tests/search/Makefile
config.status:1249: creating src/tests/sha/Makefile
config.status:1249: creating src/tests/shim/Makefile
config.status:1249: creating src/tests/simanager/Makefile
config.status:1249: creating src/tests/simanagersi/Makefile
config.status:1249: creating src/tests/stanzaextensionfactory/Makefile
config.status:1249: creating src/tests/subscription/Makefile
config.status:1249: creating src/tests/tag/Makefile
config.status:1249: creating src/tests/tlsgnutls/Makefile
config.status:1249: creating src/tests/uniquemucroomunique/Makefile
config.status:1249: creating src/tests/util/Makefile
config.status:1249: creating src/tests/vcard/Makefile
config.status:1249: creating src/tests/vcardupdate/Makefile
config.status:1249: creating src/tests/xpath/Makefile
config.status:1249: creating src/tests/zlib/Makefile
config.status:1249: creating config.h.unix
config.status:1478: executing depfiles commands
config.status:1478: executing libtool commands

## ---------------- ##
## Cache variables. ##
## ---------------- ##

ac_cv_build=x86_64-unknown-linux-gnu
ac_cv_c_compiler_gnu=yes
ac_cv_c_const=yes
ac_cv_c_inline=inline
ac_cv_cxx_compiler_gnu=yes
ac_cv_env_CCC_set=
ac_cv_env_CCC_value=
ac_cv_env_CC_set=
ac_cv_env_CC_value=
ac_cv_env_CFLAGS_set=
ac_cv_env_CFLAGS_value=
ac_cv_env_CPPFLAGS_set=
ac_cv_env_CPPFLAGS_value=
ac_cv_env_CPP_set=
ac_cv_env_CPP_value=
ac_cv_env_CXXCPP_set=
ac_cv_env_CXXCPP_value=
ac_cv_env_CXXFLAGS_set=
ac_cv_env_CXXFLAGS_value=
ac_cv_env_CXX_set=
ac_cv_env_CXX_value=
ac_cv_env_GNUTLS_CFLAGS_set=
ac_cv_env_GNUTLS_CFLAGS_value=
ac_cv_env_GNUTLS_LIBS_set=
ac_cv_env_GNUTLS_LIBS_value=
ac_cv_env_LDFLAGS_set=
ac_cv_env_LDFLAGS_value=
ac_cv_env_LIBS_set=
ac_cv_env_LIBS_value=
ac_cv_env_PKG_CONFIG_LIBDIR_set=
ac_cv_env_PKG_CONFIG_LIBDIR_value=
ac_cv_env_PKG_CONFIG_PATH_set=
ac_cv_env_PKG_CONFIG_PATH_value=
ac_cv_env_PKG_CONFIG_set=
ac_cv_env_PKG_CONFIG_value=
ac_cv_env_build_alias_set=
ac_cv_env_build_alias_value=
ac_cv_env_host_alias_set=
ac_cv_env_host_alias_value=
ac_cv_env_target_alias_set=
ac_cv_env_target_alias_value=
ac_cv_func_dn_skipname=no
ac_cv_func_res_query=no
ac_cv_func_res_querydomain=no
ac_cv_func_setsockopt=yes
ac_cv_header_arpa_nameser_h=yes
ac_cv_header_dlfcn_h=yes
ac_cv_header_errno_h=yes
ac_cv_header_idna_h=no
ac_cv_header_inttypes_h=yes
ac_cv_header_memory_h=yes
ac_cv_header_openssl_ssl_h=no
ac_cv_header_stdc=yes
ac_cv_header_stdint_h=yes
ac_cv_header_stdlib_h=yes
ac_cv_header_string_h=yes
ac_cv_header_strings_h=yes
ac_cv_header_sys_stat_h=yes
ac_cv_header_sys_types_h=yes
ac_cv_header_unistd_h=yes
ac_cv_header_zlib_h=yes
ac_cv_host=x86_64-unknown-linux-gnu
ac_cv_lib_bind_dn_skipname=no
ac_cv_lib_bind_res_query=no
ac_cv_lib_bind_res_querydomain=no
ac_cv_lib_resolv_dn_skipname=no
ac_cv_lib_resolv_res_query=no
ac_cv_lib_resolv_res_querydomain=no
ac_cv_lib_z_zlibVersion=yes
ac_cv_objext=o
ac_cv_path_EGREP='/bin/grep -E'
ac_cv_path_FGREP='/bin/grep -F'
ac_cv_path_GREP=/bin/grep
ac_cv_path_SED=/bin/sed
ac_cv_path_ac_pt_PKG_CONFIG=/usr/bin/pkg-config
ac_cv_path_install='/usr/bin/install -c'
ac_cv_path_mkdir=/bin/mkdir
ac_cv_prog_AWK=mawk
ac_cv_prog_CPP='gcc -E'
ac_cv_prog_CXXCPP='g++ -E'
ac_cv_prog_ac_ct_AR=ar
ac_cv_prog_ac_ct_CC=gcc
ac_cv_prog_ac_ct_CXX=g++
ac_cv_prog_ac_ct_MANIFEST_TOOL=mt
ac_cv_prog_ac_ct_OBJDUMP=objdump
ac_cv_prog_ac_ct_RANLIB=ranlib
ac_cv_prog_ac_ct_STRIP=strip
ac_cv_prog_cc_c89=
ac_cv_prog_cc_g=yes
ac_cv_prog_cxx_g=yes
ac_cv_prog_make_make_set=yes
am_cv_CC_dependencies_compiler_type=gcc3
am_cv_CXX_dependencies_compiler_type=gcc3
lt_cv_ar_at_file=@
lt_cv_archive_cmds_need_lc=no
lt_cv_deplibs_check_method=pass_all
lt_cv_file_magic_cmd='$MAGIC_CMD'
lt_cv_file_magic_test_file=
lt_cv_ld_reload_flag=-r
lt_cv_nm_interface='BSD nm'
lt_cv_objdir=.libs
lt_cv_path_LD=/usr/bin/ld
lt_cv_path_LDCXX='/usr/bin/ld -m elf_x86_64'
lt_cv_path_NM='/usr/bin/nm -B'
lt_cv_path_mainfest_tool=no
lt_cv_prog_compiler_c_o=yes
lt_cv_prog_compiler_c_o_CXX=yes
lt_cv_prog_compiler_pic='-fPIC -DPIC'
lt_cv_prog_compiler_pic_CXX='-fPIC -DPIC'
lt_cv_prog_compiler_pic_works=yes
lt_cv_prog_compiler_pic_works_CXX=yes
lt_cv_prog_compiler_rtti_exceptions=no
lt_cv_prog_compiler_static_works=yes
lt_cv_prog_compiler_static_works_CXX=yes
lt_cv_prog_gnu_ld=yes
lt_cv_prog_gnu_ldcxx=yes
lt_cv_sharedlib_from_linklib_cmd='printf %s\n'
lt_cv_shlibpath_overrides_runpath=no
lt_cv_sys_global_symbol_pipe='sed -n -e '\''s/^.*[	 ]\([ABCDGIRSTW][ABCDGIRSTW]*\)[	 ][	 ]*\([_A-Za-z][_A-Za-z0-9]*\)$/\1 \2 \2/p'\'' | sed '\''/ __gnu_lto/d'\'''
lt_cv_sys_global_symbol_to_c_name_address='sed -n -e '\''s/^: \([^ ]*\)[ ]*$/  {\"\1\", (void *) 0},/p'\'' -e '\''s/^[ABCDGIRSTW]* \([^ ]*\) \([^ ]*\)$/  {"\2", (void *) \&\2},/p'\'''
lt_cv_sys_global_symbol_to_c_name_address_lib_prefix='sed -n -e '\''s/^: \([^ ]*\)[ ]*$/  {\"\1\", (void *) 0},/p'\'' -e '\''s/^[ABCDGIRSTW]* \([^ ]*\) \(lib[^ ]*\)$/  {"\2", (void *) \&\2},/p'\'' -e '\''s/^[ABCDGIRSTW]* \([^ ]*\) \([^ ]*\)$/  {"lib\2", (void *) \&\2},/p'\'''
lt_cv_sys_global_symbol_to_cdecl='sed -n -e '\''s/^T .* \(.*\)$/extern int \1();/p'\'' -e '\''s/^[ABCDGIRSTW]* .* \(.*\)$/extern char \1;/p'\'''
lt_cv_sys_max_cmd_len=1572864
lt_cv_to_host_file_cmd=func_convert_file_noop
lt_cv_to_tool_file_cmd=func_convert_file_noop

## ----------------- ##
## Output variables. ##
## ----------------- ##

ACLOCAL='${SHELL} /home/benjamintrapani/Dropbox/Work/Programming/Linux/OTPEncryptionSystem/OTPEncryptor/Deps/gloox/gloox-1.0.13/missing --run aclocal-1.11'
AMDEPBACKSLASH='\'
AMDEP_FALSE='#'
AMDEP_TRUE=''
AMTAR='$${TAR-tar}'
AR='ar'
AUTOCONF='${SHELL} /home/benjamintrapani/Dropbox/Work/Programming/Linux/OTPEncryptionSystem/OTPEncryptor/Deps/gloox/gloox-1.0.13/missing --run autoconf'
AUTOHEADER='${SHELL} /home/benjamintrapani/Dropbox/Work/Programming/Linux/OTPEncryptionSystem/OTPEncryptor/Deps/gloox/gloox-1.0.13/missing --run autoheader'
AUTOMAKE='${SHELL} /home/benjamintrapani/Dropbox/Work/Programming/Linux/OTPEncryptionSystem/OTPEncryptor/Deps/gloox/gloox-1.0.13/missing --run automake-1.11'
AWK='mawk'
CC='gcc'
CCDEPMODE='depmode=gcc3'
CFLAGS='-g -O2'
CPP='gcc -E'
CPPFLAGS=' -pthread'
CXX='g++'
CXXCPP='g++ -E'
CXXDEPMODE='depmode=gcc3'
CXXFLAGS='-g -O2 -ansi'
CYGPATH_W='echo'
DEFS='-DHAVE_CONFIG_H'
DEPDIR='.deps'
DLLTOOL='false'
DSYMUTIL=''
DUMPBIN=''
ECHO_C=''
ECHO_N='-n'
ECHO_T=''
EGREP='/bin/grep -E'
EXEEXT=''
FGREP='/bin/grep -F'
GNUTLS_CFLAGS=''
GNUTLS_LIBS=''
GREP='/bin/grep'
HAVE_GCC_ATOMIC_BUILTINS='yes'
INSTALL_DATA='${INSTALL} -m 644'
INSTALL_PROGRAM='${INSTALL}'
INSTALL_SCRIPT='${INSTALL}'
INSTALL_STRIP_PROGRAM='$(install_sh) -c -s'
ISODATE='2015-03-10'
LD='/usr/bin/ld -m elf_x86_64'
LDFLAGS=' -pthread'
LIBOBJS=''
LIBS='-lresolv -lresolv -lresolv   -lz'
LIBTOOL='$(SHELL) $(top_builddir)/libtool'
LIPO=''
LN_S='ln -s'
LTLIBOBJS=''
MAKEINFO='${SHELL} /home/benjamintrapani/Dropbox/Work/Programming/Linux/OTPEncryptionSystem/OTPEncryptor/Deps/gloox/gloox-1.0.13/missing --run makeinfo'
MANIFEST_TOOL=':'
MAYBE_EXAMPLES='examples'
MAYBE_LIB_mdns=''
MAYBE_TESTS='tests'
MKDIR_P='/bin/mkdir -p'
NM='/usr/bin/nm -B'
NMEDIT=''
OBJDUMP='objdump'
OBJEXT='o'
OTOOL64=''
OTOOL=''
PACKAGE='gloox'
PACKAGE_BUGREPORT='js@camaya.net'
PACKAGE_NAME='gloox'
PACKAGE_STRING='gloox 1.0.13'
PACKAGE_TARNAME='gloox'
PACKAGE_URL=''
PACKAGE_VERSION='1.0.13'
PATH_SEPARATOR=':'
PKG_CONFIG='/usr/bin/pkg-config'
PKG_CONFIG_LIBDIR=''
PKG_CONFIG_PATH=''
PTHREAD_CC='gcc'
PTHREAD_CFLAGS='-pthread'
PTHREAD_LIBS=''
RANLIB='ranlib'
SED='/bin/sed'
SET_MAKE=''
SHELL='/bin/bash'
STRIP='strip'
VERSION='1.0.13'
ac_ct_AR='ar'
ac_ct_CC='gcc'
ac_ct_CXX='g++'
ac_ct_DUMPBIN=''
acx_pthread_config=''
am__EXEEXT_FALSE=''
am__EXEEXT_TRUE='#'
am__fastdepCC_FALSE='#'
am__fastdepCC_TRUE=''
am__fastdepCXX_FALSE='#'
am__fastdepCXX_TRUE=''
am__include='include'
am__isrc=''
am__leading_dot='.'
am__nodep='_no'
am__quote=''
am__tar='$${TAR-tar} chof - "$$tardir"'
am__untar='$${TAR-tar} xf -'
bindir='${exec_prefix}/bin'
build='x86_64-unknown-linux-gnu'
build_alias=''
build_cpu='x86_64'
build_os='linux-gnu'
build_vendor='unknown'
datadir='${datarootdir}'
datarootdir='${prefix}/share'
docdir='${datarootdir}/doc/${PACKAGE_TARNAME}'
dvidir='${docdir}'
exec_prefix='${prefix}'
host='x86_64-unknown-linux-gnu'
host_alias=''
host_cpu='x86_64'
host_os='linux-gnu'
host_vendor='unknown'
htmldir='${docdir}'
includedir='${prefix}/include'
infodir='${datarootdir}/info'
install_sh='${SHELL} /home/benjamintrapani/Dropbox/Work/Programming/Linux/OTPEncryptionSystem/OTPEncryptor/Deps/gloox/gloox-1.0.13/install-sh'
libdir='${exec_prefix}/lib'
libexecdir='${exec_prefix}/libexec'
localedir='${datarootdir}/locale'
localstatedir='${prefix}/var'
mandir='${datarootdir}/man'
mkdir_p='/bin/mkdir -p'
oldincludedir='/usr/include'
pdfdir='${docdir}'
prefix='/usr/local'
program_transform_name='s,x,x,'
psdir='${docdir}'
sbindir='${exec_prefix}/sbin'
sharedstatedir='${prefix}/com'
sysconfdir='${prefix}/etc'
target_alias=''

## ----------- ##
## confdefs.h. ##
## ----------- ##

/* confdefs.h */
#define PACKAGE_NAME "gloox"
#define PACKAGE_TARNAME "gloox"
#define PACKAGE_VERSION "1.0.13"
#define PACKAGE_STRING "gloox 1.0.13"
#define PACKAGE_BUGREPORT "js@camaya.net"
#define PACKAGE_URL ""
#define PACKAGE "gloox"
#define VERSION "1.0.13"
#define STDC_HEADERS 1
#define HAVE_SYS_TYPES_H 1
#define HAVE_SYS_STAT_H 1
#define HAVE_STDLIB_H 1
#define HAVE_STRING_H 1
#define HAVE_MEMORY_H 1
#define HAVE_STRINGS_H 1
#define HAVE_INTTYPES_H 1
#define HAVE_STDINT_H 1
#define HAVE_UNISTD_H 1
#define HAVE_DLFCN_H 1
#define LT_OBJDIR ".libs/"
#define HAVE_GCC_ATOMIC_BUILTINS 1
#define HAVE_ZLIB 1
#define HAVE_PTHREAD 1
#define HAVE_RES_QUERYDOMAIN 1
#define HAVE_DN_SKIPNAME 1
#define HAVE_RES_QUERY 1
#define STDC_HEADERS 1
#define HAVE_UNISTD_H 1
#define HAVE_STRINGS_H 1
#define HAVE_ERRNO_H 1
#define HAVE_ARPA_NAMESER_H 1
#define HAVE_SETSOCKOPT 1

configure: exit 0
